CRITICAL - 2023-01-10 09:52:09 --> Undefined array key "poin"
in APPPATH\Views\sanksi.php on line 49.
 1 APPPATH\Views\sanksi.php(49): CodeIgniter\Debug\Exceptions->errorHandler(2, 'Undefined array key "poin"', 'APPPATH\\Views\\sanksi.php', 49)
 2 SYSTEMPATH\View\View.php(213): include('APPPATH\\Views\\sanksi.php')
 3 SYSTEMPATH\View\View.php(216): CodeIgniter\View\View->CodeIgniter\View\{closure}()
 4 SYSTEMPATH\Common.php(1134): CodeIgniter\View\View->render('sanksi', [], true)
 5 APPPATH\Controllers\Sanksi.php(10): view('sanksi', [...])
 6 SYSTEMPATH\CodeIgniter.php(927): App\Controllers\Sanksi->index()
 7 SYSTEMPATH\CodeIgniter.php(482): CodeIgniter\CodeIgniter->runController(Object(App\Controllers\Sanksi))
 8 SYSTEMPATH\CodeIgniter.php(351): CodeIgniter\CodeIgniter->handleRequest(null, Object(Config\Cache), false)
 9 FCPATH\index.php(67): CodeIgniter\CodeIgniter->run()
10 SYSTEMPATH\Commands\Server\rewrite.php(46): require_once('FCPATH\\index.php')
CRITICAL - 2023-01-10 09:52:27 --> Undefined array key "poin"
in APPPATH\Views\sanksi.php on line 49.
 1 APPPATH\Views\sanksi.php(49): CodeIgniter\Debug\Exceptions->errorHandler(2, 'Undefined array key "poin"', 'APPPATH\\Views\\sanksi.php', 49)
 2 SYSTEMPATH\View\View.php(213): include('APPPATH\\Views\\sanksi.php')
 3 SYSTEMPATH\View\View.php(216): CodeIgniter\View\View->CodeIgniter\View\{closure}()
 4 SYSTEMPATH\Common.php(1134): CodeIgniter\View\View->render('sanksi', [], true)
 5 APPPATH\Controllers\Sanksi.php(10): view('sanksi', [...])
 6 SYSTEMPATH\CodeIgniter.php(927): App\Controllers\Sanksi->index()
 7 SYSTEMPATH\CodeIgniter.php(482): CodeIgniter\CodeIgniter->runController(Object(App\Controllers\Sanksi))
 8 SYSTEMPATH\CodeIgniter.php(351): CodeIgniter\CodeIgniter->handleRequest(null, Object(Config\Cache), false)
 9 FCPATH\index.php(67): CodeIgniter\CodeIgniter->run()
10 SYSTEMPATH\Commands\Server\rewrite.php(46): require_once('FCPATH\\index.php')
CRITICAL - 2023-01-10 10:41:43 --> syntax error, unexpected token ";", expecting ")"
in APPPATH\Controllers\Proses.php on line 41.
 1 SYSTEMPATH\Autoloader\Autoloader.php(259): CodeIgniter\Autoloader\Autoloader->includeFile('APPPATH\\Controllers\\Proses.php')
 2 SYSTEMPATH\Autoloader\Autoloader.php(237): CodeIgniter\Autoloader\Autoloader->loadInNamespace('App\\Controllers\\Proses')
 3 [internal function]: CodeIgniter\Autoloader\Autoloader->loadClass('App\\Controllers\\Proses')
 4 SYSTEMPATH\CodeIgniter.php(877): class_exists('\\App\\Controllers\\Proses', true)
 5 SYSTEMPATH\CodeIgniter.php(469): CodeIgniter\CodeIgniter->startController()
 6 SYSTEMPATH\CodeIgniter.php(351): CodeIgniter\CodeIgniter->handleRequest(null, Object(Config\Cache), false)
 7 FCPATH\index.php(67): CodeIgniter\CodeIgniter->run()
 8 SYSTEMPATH\Commands\Server\rewrite.php(46): require_once('FCPATH\\index.php')
ERROR - 2023-01-10 10:42:19 --> mysqli_sql_exception: Unknown column 'idhasil' in 'field list' in C:\xampp\htdocs\point\system\Database\MySQLi\Connection.php:292
Stack trace:
#0 C:\xampp\htdocs\point\system\Database\MySQLi\Connection.php(292): mysqli->query('INSERT INTO `ni...', 0)
#1 C:\xampp\htdocs\point\system\Database\BaseConnection.php(666): CodeIgniter\Database\MySQLi\Connection->execute('INSERT INTO `ni...')
#2 C:\xampp\htdocs\point\system\Database\BaseConnection.php(593): CodeIgniter\Database\BaseConnection->simpleQuery('INSERT INTO `ni...')
#3 C:\xampp\htdocs\point\system\Database\BaseBuilder.php(1916): CodeIgniter\Database\BaseConnection->query('INSERT INTO `ni...', Array, false)
#4 C:\xampp\htdocs\point\app\Models\Databasemodel.php(14): CodeIgniter\Database\BaseBuilder->insert(Array)
#5 C:\xampp\htdocs\point\app\Controllers\Proses.php(64): App\Models\Databasemodel->simpan('nilai', Array)
#6 C:\xampp\htdocs\point\system\CodeIgniter.php(927): App\Controllers\Proses->analisadata()
#7 C:\xampp\htdocs\point\system\CodeIgniter.php(482): CodeIgniter\CodeIgniter->runController(Object(App\Controllers\Proses))
#8 C:\xampp\htdocs\point\system\CodeIgniter.php(351): CodeIgniter\CodeIgniter->handleRequest(NULL, Object(Config\Cache), false)
#9 C:\xampp\htdocs\point\public\index.php(67): CodeIgniter\CodeIgniter->run()
#10 C:\xampp\htdocs\point\system\Commands\Server\rewrite.php(46): require_once('C:\\xampp\\htdocs...')
#11 {main}
CRITICAL - 2023-01-10 10:46:29 --> Invalid file: riwayat.php
in SYSTEMPATH\Exceptions\FrameworkException.php on line 33.
 1 SYSTEMPATH\View\View.php(201): CodeIgniter\Exceptions\FrameworkException::forInvalidFile('riwayat.php')
 2 SYSTEMPATH\Common.php(1134): CodeIgniter\View\View->render('riwayat', [], true)
 3 APPPATH\Controllers\Proses.php(73): view('riwayat', [...])
 4 SYSTEMPATH\CodeIgniter.php(927): App\Controllers\Proses->tampilriwayat()
 5 SYSTEMPATH\CodeIgniter.php(482): CodeIgniter\CodeIgniter->runController(Object(App\Controllers\Proses))
 6 SYSTEMPATH\CodeIgniter.php(351): CodeIgniter\CodeIgniter->handleRequest(null, Object(Config\Cache), false)
 7 FCPATH\index.php(67): CodeIgniter\CodeIgniter->run()
 8 SYSTEMPATH\Commands\Server\rewrite.php(46): require_once('FCPATH\\index.php')
CRITICAL - 2023-01-10 10:50:18 --> Invalid file: riwayatdetail.php
in SYSTEMPATH\Exceptions\FrameworkException.php on line 33.
 1 SYSTEMPATH\View\View.php(201): CodeIgniter\Exceptions\FrameworkException::forInvalidFile('riwayatdetail.php')
 2 SYSTEMPATH\Common.php(1134): CodeIgniter\View\View->render('riwayatdetail', [], true)
 3 APPPATH\Controllers\Proses.php(81): view('riwayatdetail', [...])
 4 SYSTEMPATH\CodeIgniter.php(927): App\Controllers\Proses->detailriwayat('1')
 5 SYSTEMPATH\CodeIgniter.php(482): CodeIgniter\CodeIgniter->runController(Object(App\Controllers\Proses))
 6 SYSTEMPATH\CodeIgniter.php(351): CodeIgniter\CodeIgniter->handleRequest(null, Object(Config\Cache), false)
 7 FCPATH\index.php(67): CodeIgniter\CodeIgniter->run()
 8 SYSTEMPATH\Commands\Server\rewrite.php(46): require_once('FCPATH\\index.php')
CRITICAL - 2023-01-10 10:50:34 --> Undefined array key "idsiswa"
in APPPATH\Views\riwayatdetail.php on line 31.
 1 APPPATH\Views\riwayatdetail.php(31): CodeIgniter\Debug\Exceptions->errorHandler(2, 'Undefined array key "idsiswa"', 'APPPATH\\Views\\riwayatdetail.php', 31)
 2 SYSTEMPATH\View\View.php(213): include('APPPATH\\Views\\riwayatdetail.php')
 3 SYSTEMPATH\View\View.php(216): CodeIgniter\View\View->CodeIgniter\View\{closure}()
 4 SYSTEMPATH\Common.php(1134): CodeIgniter\View\View->render('riwayatdetail', [], true)
 5 APPPATH\Controllers\Proses.php(81): view('riwayatdetail', [...])
 6 SYSTEMPATH\CodeIgniter.php(927): App\Controllers\Proses->detailriwayat('1')
 7 SYSTEMPATH\CodeIgniter.php(482): CodeIgniter\CodeIgniter->runController(Object(App\Controllers\Proses))
 8 SYSTEMPATH\CodeIgniter.php(351): CodeIgniter\CodeIgniter->handleRequest(null, Object(Config\Cache), false)
 9 FCPATH\index.php(67): CodeIgniter\CodeIgniter->run()
10 SYSTEMPATH\Commands\Server\rewrite.php(46): require_once('FCPATH\\index.php')
CRITICAL - 2023-01-10 10:50:47 --> Undefined array key "nis"
in APPPATH\Views\riwayatdetail.php on line 51.
 1 APPPATH\Views\riwayatdetail.php(51): CodeIgniter\Debug\Exceptions->errorHandler(2, 'Undefined array key "nis"', 'APPPATH\\Views\\riwayatdetail.php', 51)
 2 SYSTEMPATH\View\View.php(213): include('APPPATH\\Views\\riwayatdetail.php')
 3 SYSTEMPATH\View\View.php(216): CodeIgniter\View\View->CodeIgniter\View\{closure}()
 4 SYSTEMPATH\Common.php(1134): CodeIgniter\View\View->render('riwayatdetail', [], true)
 5 APPPATH\Controllers\Proses.php(81): view('riwayatdetail', [...])
 6 SYSTEMPATH\CodeIgniter.php(927): App\Controllers\Proses->detailriwayat('1')
 7 SYSTEMPATH\CodeIgniter.php(482): CodeIgniter\CodeIgniter->runController(Object(App\Controllers\Proses))
 8 SYSTEMPATH\CodeIgniter.php(351): CodeIgniter\CodeIgniter->handleRequest(null, Object(Config\Cache), false)
 9 FCPATH\index.php(67): CodeIgniter\CodeIgniter->run()
10 SYSTEMPATH\Commands\Server\rewrite.php(46): require_once('FCPATH\\index.php')
CRITICAL - 2023-01-10 10:53:41 --> Undefined array key "nama"
in APPPATH\Views\riwayatdetail.php on line 21.
 1 APPPATH\Views\riwayatdetail.php(21): CodeIgniter\Debug\Exceptions->errorHandler(2, 'Undefined array key "nama"', 'APPPATH\\Views\\riwayatdetail.php', 21)
 2 SYSTEMPATH\View\View.php(213): include('APPPATH\\Views\\riwayatdetail.php')
 3 SYSTEMPATH\View\View.php(216): CodeIgniter\View\View->CodeIgniter\View\{closure}()
 4 SYSTEMPATH\Common.php(1134): CodeIgniter\View\View->render('riwayatdetail', [], true)
 5 APPPATH\Controllers\Proses.php(81): view('riwayatdetail', [...])
 6 SYSTEMPATH\CodeIgniter.php(927): App\Controllers\Proses->detailriwayat('1')
 7 SYSTEMPATH\CodeIgniter.php(482): CodeIgniter\CodeIgniter->runController(Object(App\Controllers\Proses))
 8 SYSTEMPATH\CodeIgniter.php(351): CodeIgniter\CodeIgniter->handleRequest(null, Object(Config\Cache), false)
 9 FCPATH\index.php(67): CodeIgniter\CodeIgniter->run()
10 SYSTEMPATH\Commands\Server\rewrite.php(46): require_once('FCPATH\\index.php')
CRITICAL - 2023-01-10 10:56:26 --> Invalid file: profil.php
in SYSTEMPATH\Exceptions\FrameworkException.php on line 33.
 1 SYSTEMPATH\View\View.php(201): CodeIgniter\Exceptions\FrameworkException::forInvalidFile('profil.php')
 2 SYSTEMPATH\Common.php(1134): CodeIgniter\View\View->render('profil', [], true)
 3 APPPATH\Controllers\Root.php(38): view('profil', [...])
 4 SYSTEMPATH\CodeIgniter.php(927): App\Controllers\Root->tampilprofil()
 5 SYSTEMPATH\CodeIgniter.php(482): CodeIgniter\CodeIgniter->runController(Object(App\Controllers\Root))
 6 SYSTEMPATH\CodeIgniter.php(351): CodeIgniter\CodeIgniter->handleRequest(null, Object(Config\Cache), false)
 7 FCPATH\index.php(67): CodeIgniter\CodeIgniter->run()
 8 SYSTEMPATH\Commands\Server\rewrite.php(46): require_once('FCPATH\\index.php')
CRITICAL - 2023-01-10 10:56:37 --> Undefined variable $kelas
in APPPATH\Views\profil.php on line 51.
 1 APPPATH\Views\profil.php(51): CodeIgniter\Debug\Exceptions->errorHandler(2, 'Undefined variable $kelas', 'APPPATH\\Views\\profil.php', 51)
 2 SYSTEMPATH\View\View.php(213): include('APPPATH\\Views\\profil.php')
 3 SYSTEMPATH\View\View.php(216): CodeIgniter\View\View->CodeIgniter\View\{closure}()
 4 SYSTEMPATH\Common.php(1134): CodeIgniter\View\View->render('profil', [], true)
 5 APPPATH\Controllers\Root.php(38): view('profil', [...])
 6 SYSTEMPATH\CodeIgniter.php(927): App\Controllers\Root->tampilprofil()
 7 SYSTEMPATH\CodeIgniter.php(482): CodeIgniter\CodeIgniter->runController(Object(App\Controllers\Root))
 8 SYSTEMPATH\CodeIgniter.php(351): CodeIgniter\CodeIgniter->handleRequest(null, Object(Config\Cache), false)
 9 FCPATH\index.php(67): CodeIgniter\CodeIgniter->run()
10 SYSTEMPATH\Commands\Server\rewrite.php(46): require_once('FCPATH\\index.php')
CRITICAL - 2023-01-10 10:56:59 --> Undefined variable $kelas
in APPPATH\Views\profil.php on line 50.
 1 APPPATH\Views\profil.php(50): CodeIgniter\Debug\Exceptions->errorHandler(2, 'Undefined variable $kelas', 'APPPATH\\Views\\profil.php', 50)
 2 SYSTEMPATH\View\View.php(213): include('APPPATH\\Views\\profil.php')
 3 SYSTEMPATH\View\View.php(216): CodeIgniter\View\View->CodeIgniter\View\{closure}()
 4 SYSTEMPATH\Common.php(1134): CodeIgniter\View\View->render('profil', [], true)
 5 APPPATH\Controllers\Root.php(38): view('profil', [...])
 6 SYSTEMPATH\CodeIgniter.php(927): App\Controllers\Root->tampilprofil()
 7 SYSTEMPATH\CodeIgniter.php(482): CodeIgniter\CodeIgniter->runController(Object(App\Controllers\Root))
 8 SYSTEMPATH\CodeIgniter.php(351): CodeIgniter\CodeIgniter->handleRequest(null, Object(Config\Cache), false)
 9 FCPATH\index.php(67): CodeIgniter\CodeIgniter->run()
10 SYSTEMPATH\Commands\Server\rewrite.php(46): require_once('FCPATH\\index.php')
CRITICAL - 2023-01-10 11:01:26 --> count(): Argument #1 ($value) must be of type Countable|array, null given
in APPPATH\Controllers\Root.php on line 20.
 1 APPPATH\Controllers\Root.php(20): count(null)
 2 SYSTEMPATH\CodeIgniter.php(927): App\Controllers\Root->proseslogin()
 3 SYSTEMPATH\CodeIgniter.php(482): CodeIgniter\CodeIgniter->runController(Object(App\Controllers\Root))
 4 SYSTEMPATH\CodeIgniter.php(351): CodeIgniter\CodeIgniter->handleRequest(null, Object(Config\Cache), false)
 5 FCPATH\index.php(67): CodeIgniter\CodeIgniter->run()
 6 SYSTEMPATH\Commands\Server\rewrite.php(46): require_once('FCPATH\\index.php')
CRITICAL - 2023-01-10 11:02:41 --> Undefined variable $dbm
in APPPATH\Controllers\Root.php on line 20.
 1 APPPATH\Controllers\Root.php(20): CodeIgniter\Debug\Exceptions->errorHandler(2, 'Undefined variable $dbm', 'APPPATH\\Controllers\\Root.php', 20)
 2 SYSTEMPATH\CodeIgniter.php(927): App\Controllers\Root->proseslogin()
 3 SYSTEMPATH\CodeIgniter.php(482): CodeIgniter\CodeIgniter->runController(Object(App\Controllers\Root))
 4 SYSTEMPATH\CodeIgniter.php(351): CodeIgniter\CodeIgniter->handleRequest(null, Object(Config\Cache), false)
 5 FCPATH\index.php(67): CodeIgniter\CodeIgniter->run()
 6 SYSTEMPATH\Commands\Server\rewrite.php(46): require_once('FCPATH\\index.php')
