CRITICAL - 2022-11-04 20:20:08 --> Invalid file: situs/landing.php
in SYSTEMPATH\Exceptions\FrameworkException.php on line 33.
 1 SYSTEMPATH\View\View.php(201): CodeIgniter\Exceptions\FrameworkException::forInvalidFile('situs/landing.php')
 2 SYSTEMPATH\Common.php(1134): CodeIgniter\View\View->render('situs/landing', [], true)
 3 APPPATH\Controllers\Root.php(16): view('situs/landing')
 4 SYSTEMPATH\CodeIgniter.php(927): App\Controllers\Root->index()
 5 SYSTEMPATH\CodeIgniter.php(482): CodeIgniter\CodeIgniter->runController(Object(App\Controllers\Root))
 6 SYSTEMPATH\CodeIgniter.php(351): CodeIgniter\CodeIgniter->handleRequest(null, Object(Config\Cache), false)
 7 FCPATH\index.php(67): CodeIgniter\CodeIgniter->run()
 8 SYSTEMPATH\Commands\Server\rewrite.php(46): require_once('FCPATH\\index.php')
CRITICAL - 2022-11-04 20:21:49 --> Invalid file: situs/landing.php
in SYSTEMPATH\Exceptions\FrameworkException.php on line 33.
 1 SYSTEMPATH\View\View.php(201): CodeIgniter\Exceptions\FrameworkException::forInvalidFile('situs/landing.php')
 2 SYSTEMPATH\Common.php(1134): CodeIgniter\View\View->render('situs/landing', [], true)
 3 APPPATH\Controllers\Root.php(16): view('situs/landing')
 4 SYSTEMPATH\CodeIgniter.php(927): App\Controllers\Root->index()
 5 SYSTEMPATH\CodeIgniter.php(482): CodeIgniter\CodeIgniter->runController(Object(App\Controllers\Root))
 6 SYSTEMPATH\CodeIgniter.php(351): CodeIgniter\CodeIgniter->handleRequest(null, Object(Config\Cache), false)
 7 FCPATH\index.php(67): CodeIgniter\CodeIgniter->run()
 8 SYSTEMPATH\Commands\Server\rewrite.php(46): require_once('FCPATH\\index.php')
ERROR - 2022-11-04 20:23:24 --> Error connecting to the database: mysqli_sql_exception: Access denied for user ''@'localhost' (using password: NO) in C:\xampp\htdocs\ovib_sisfo\system\Database\MySQLi\Connection.php:171
Stack trace:
#0 C:\xampp\htdocs\ovib_sisfo\system\Database\MySQLi\Connection.php(171): mysqli->real_connect('localhost', '', '', '', 3306, '', 0)
#1 C:\xampp\htdocs\ovib_sisfo\system\Database\BaseConnection.php(382): CodeIgniter\Database\MySQLi\Connection->connect(false)
#2 C:\xampp\htdocs\ovib_sisfo\system\Database\BaseConnection.php(561): CodeIgniter\Database\BaseConnection->initialize()
#3 C:\xampp\htdocs\ovib_sisfo\app\Views\situs\bagiantopbar.php(4): CodeIgniter\Database\BaseConnection->query('select * from i...')
#4 C:\xampp\htdocs\ovib_sisfo\system\View\View.php(213): include('C:\\xampp\\htdocs...')
#5 C:\xampp\htdocs\ovib_sisfo\system\View\View.php(216): CodeIgniter\View\View->CodeIgniter\View\{closure}()
#6 C:\xampp\htdocs\ovib_sisfo\system\Common.php(1134): CodeIgniter\View\View->render('situs/bagiantop...', Array, true)
#7 C:\xampp\htdocs\ovib_sisfo\app\Views\situs\landing.php(7): view('situs/bagiantop...')
#8 C:\xampp\htdocs\ovib_sisfo\system\View\View.php(213): include('C:\\xampp\\htdocs...')
#9 C:\xampp\htdocs\ovib_sisfo\system\View\View.php(216): CodeIgniter\View\View->CodeIgniter\View\{closure}()
#10 C:\xampp\htdocs\ovib_sisfo\system\Common.php(1134): CodeIgniter\View\View->render('situs/landing', Array, true)
#11 C:\xampp\htdocs\ovib_sisfo\app\Controllers\Root.php(16): view('situs/landing')
#12 C:\xampp\htdocs\ovib_sisfo\system\CodeIgniter.php(927): App\Controllers\Root->index()
#13 C:\xampp\htdocs\ovib_sisfo\system\CodeIgniter.php(482): CodeIgniter\CodeIgniter->runController(Object(App\Controllers\Root))
#14 C:\xampp\htdocs\ovib_sisfo\system\CodeIgniter.php(351): CodeIgniter\CodeIgniter->handleRequest(NULL, Object(Config\Cache), false)
#15 C:\xampp\htdocs\ovib_sisfo\public\index.php(67): CodeIgniter\CodeIgniter->run()
#16 C:\xampp\htdocs\ovib_sisfo\system\Commands\Server\rewrite.php(46): require_once('C:\\xampp\\htdocs...')
#17 {main}

Next CodeIgniter\Database\Exceptions\DatabaseException: Access denied for user ''@'localhost' (using password: NO) in C:\xampp\htdocs\ovib_sisfo\system\Database\MySQLi\Connection.php:215
Stack trace:
#0 C:\xampp\htdocs\ovib_sisfo\system\Database\BaseConnection.php(382): CodeIgniter\Database\MySQLi\Connection->connect(false)
#1 C:\xampp\htdocs\ovib_sisfo\system\Database\BaseConnection.php(561): CodeIgniter\Database\BaseConnection->initialize()
#2 C:\xampp\htdocs\ovib_sisfo\app\Views\situs\bagiantopbar.php(4): CodeIgniter\Database\BaseConnection->query('select * from i...')
#3 C:\xampp\htdocs\ovib_sisfo\system\View\View.php(213): include('C:\\xampp\\htdocs...')
#4 C:\xampp\htdocs\ovib_sisfo\system\View\View.php(216): CodeIgniter\View\View->CodeIgniter\View\{closure}()
#5 C:\xampp\htdocs\ovib_sisfo\system\Common.php(1134): CodeIgniter\View\View->render('situs/bagiantop...', Array, true)
#6 C:\xampp\htdocs\ovib_sisfo\app\Views\situs\landing.php(7): view('situs/bagiantop...')
#7 C:\xampp\htdocs\ovib_sisfo\system\View\View.php(213): include('C:\\xampp\\htdocs...')
#8 C:\xampp\htdocs\ovib_sisfo\system\View\View.php(216): CodeIgniter\View\View->CodeIgniter\View\{closure}()
#9 C:\xampp\htdocs\ovib_sisfo\system\Common.php(1134): CodeIgniter\View\View->render('situs/landing', Array, true)
#10 C:\xampp\htdocs\ovib_sisfo\app\Controllers\Root.php(16): view('situs/landing')
#11 C:\xampp\htdocs\ovib_sisfo\system\CodeIgniter.php(927): App\Controllers\Root->index()
#12 C:\xampp\htdocs\ovib_sisfo\system\CodeIgniter.php(482): CodeIgniter\CodeIgniter->runController(Object(App\Controllers\Root))
#13 C:\xampp\htdocs\ovib_sisfo\system\CodeIgniter.php(351): CodeIgniter\CodeIgniter->handleRequest(NULL, Object(Config\Cache), false)
#14 C:\xampp\htdocs\ovib_sisfo\public\index.php(67): CodeIgniter\CodeIgniter->run()
#15 C:\xampp\htdocs\ovib_sisfo\system\Commands\Server\rewrite.php(46): require_once('C:\\xampp\\htdocs...')
#16 {main}
CRITICAL - 2022-11-04 20:23:24 --> Unable to connect to the database.
Main connection [MySQLi]: Access denied for user ''@'localhost' (using password: NO)
in SYSTEMPATH\Database\BaseConnection.php on line 418.
 1 SYSTEMPATH\Database\BaseConnection.php(561): CodeIgniter\Database\BaseConnection->initialize()
 2 APPPATH\Views\situs\bagiantopbar.php(4): CodeIgniter\Database\BaseConnection->query('select * from informasi')
 3 SYSTEMPATH\View\View.php(213): include('APPPATH\\Views\\situs\\bagiantopbar.php')
 4 SYSTEMPATH\View\View.php(216): CodeIgniter\View\View->CodeIgniter\View\{closure}()
 5 SYSTEMPATH\Common.php(1134): CodeIgniter\View\View->render('situs/bagiantopbar', [], true)
 6 APPPATH\Views\situs\landing.php(7): view('situs/bagiantopbar')
 7 SYSTEMPATH\View\View.php(213): include('APPPATH\\Views\\situs\\landing.php')
 8 SYSTEMPATH\View\View.php(216): CodeIgniter\View\View->CodeIgniter\View\{closure}()
 9 SYSTEMPATH\Common.php(1134): CodeIgniter\View\View->render('situs/landing', [], true)
10 APPPATH\Controllers\Root.php(16): view('situs/landing')
11 SYSTEMPATH\CodeIgniter.php(927): App\Controllers\Root->index()
12 SYSTEMPATH\CodeIgniter.php(482): CodeIgniter\CodeIgniter->runController(Object(App\Controllers\Root))
13 SYSTEMPATH\CodeIgniter.php(351): CodeIgniter\CodeIgniter->handleRequest(null, Object(Config\Cache), false)
14 FCPATH\index.php(67): CodeIgniter\CodeIgniter->run()
15 SYSTEMPATH\Commands\Server\rewrite.php(46): require_once('FCPATH\\index.php')
CRITICAL - 2022-11-04 20:25:20 --> Request URI segment is out of range: 2
in SYSTEMPATH\HTTP\URI.php on line 529.
 1 SYSTEMPATH\HTTP\URI.php(529): CodeIgniter\HTTP\Exceptions\HTTPException::forURISegmentOutOfRange(2)
 2 APPPATH\Views\situs\bagiantopbar.php(21): CodeIgniter\HTTP\URI->getSegment(2)
 3 SYSTEMPATH\View\View.php(213): include('APPPATH\\Views\\situs\\bagiantopbar.php')
 4 SYSTEMPATH\View\View.php(216): CodeIgniter\View\View->CodeIgniter\View\{closure}()
 5 SYSTEMPATH\Common.php(1134): CodeIgniter\View\View->render('situs/bagiantopbar', [], true)
 6 APPPATH\Views\situs\landing.php(7): view('situs/bagiantopbar')
 7 SYSTEMPATH\View\View.php(213): include('APPPATH\\Views\\situs\\landing.php')
 8 SYSTEMPATH\View\View.php(216): CodeIgniter\View\View->CodeIgniter\View\{closure}()
 9 SYSTEMPATH\Common.php(1134): CodeIgniter\View\View->render('situs/landing', [], true)
10 APPPATH\Controllers\Root.php(16): view('situs/landing')
11 SYSTEMPATH\CodeIgniter.php(927): App\Controllers\Root->index()
12 SYSTEMPATH\CodeIgniter.php(482): CodeIgniter\CodeIgniter->runController(Object(App\Controllers\Root))
13 SYSTEMPATH\CodeIgniter.php(351): CodeIgniter\CodeIgniter->handleRequest(null, Object(Config\Cache), false)
14 FCPATH\index.php(67): CodeIgniter\CodeIgniter->run()
15 SYSTEMPATH\Commands\Server\rewrite.php(46): require_once('FCPATH\\index.php')
CRITICAL - 2022-11-04 21:07:07 --> Undefined variable $system_path
in APPPATH\Views\situs\landing.php on line 2.
 1 APPPATH\Views\situs\landing.php(2): CodeIgniter\Debug\Exceptions->errorHandler(2, 'Undefined variable $system_path', 'APPPATH\\Views\\situs\\landing.php', 2)
 2 SYSTEMPATH\View\View.php(213): include('APPPATH\\Views\\situs\\landing.php')
 3 SYSTEMPATH\View\View.php(216): CodeIgniter\View\View->CodeIgniter\View\{closure}()
 4 SYSTEMPATH\Common.php(1134): CodeIgniter\View\View->render('situs/landing', [], true)
 5 APPPATH\Controllers\Root.php(16): view('situs/landing')
 6 SYSTEMPATH\CodeIgniter.php(927): App\Controllers\Root->index()
 7 SYSTEMPATH\CodeIgniter.php(482): CodeIgniter\CodeIgniter->runController(Object(App\Controllers\Root))
 8 SYSTEMPATH\CodeIgniter.php(351): CodeIgniter\CodeIgniter->handleRequest(null, Object(Config\Cache), false)
 9 FCPATH\index.php(67): CodeIgniter\CodeIgniter->run()
10 SYSTEMPATH\Commands\Server\rewrite.php(46): require_once('FCPATH\\index.php')
