CRITICAL - 2022-11-05 00:07:54 --> Call to undefined method CodeIgniter\Database\MySQLi\Builder::getRow()
in APPPATH\Controllers\Root.php on line 47.
 1 SYSTEMPATH\CodeIgniter.php(927): App\Controllers\Root->proseslogin()
 2 SYSTEMPATH\CodeIgniter.php(482): CodeIgniter\CodeIgniter->runController(Object(App\Controllers\Root))
 3 SYSTEMPATH\CodeIgniter.php(351): CodeIgniter\CodeIgniter->handleRequest(null, Object(Config\Cache), false)
 4 FCPATH\index.php(67): CodeIgniter\CodeIgniter->run()
 5 SYSTEMPATH\Commands\Server\rewrite.php(46): require_once('FCPATH\\index.php')
CRITICAL - 2022-11-05 00:10:30 --> The route for "http://localhost:8080" cannot be found.
in SYSTEMPATH\HTTP\RedirectResponse.php on line 60.
 1 SYSTEMPATH\HTTP\RedirectResponse.php(60): CodeIgniter\HTTP\Exceptions\HTTPException::forInvalidRedirectRoute('http://localhost:8080')
 2 SYSTEMPATH\Common.php(860): CodeIgniter\HTTP\RedirectResponse->route(false)
 3 APPPATH\Controllers\Root.php(50): redirect('http://localhost:8080')
 4 SYSTEMPATH\CodeIgniter.php(927): App\Controllers\Root->proseslogin()
 5 SYSTEMPATH\CodeIgniter.php(482): CodeIgniter\CodeIgniter->runController(Object(App\Controllers\Root))
 6 SYSTEMPATH\CodeIgniter.php(351): CodeIgniter\CodeIgniter->handleRequest(null, Object(Config\Cache), false)
 7 FCPATH\index.php(67): CodeIgniter\CodeIgniter->run()
 8 SYSTEMPATH\Commands\Server\rewrite.php(46): require_once('FCPATH\\index.php')
CRITICAL - 2022-11-05 00:13:18 --> The route for "http://localhost:8080/admin" cannot be found.
in SYSTEMPATH\HTTP\RedirectResponse.php on line 60.
 1 SYSTEMPATH\HTTP\RedirectResponse.php(60): CodeIgniter\HTTP\Exceptions\HTTPException::forInvalidRedirectRoute('http://localhost:8080/admin')
 2 SYSTEMPATH\Common.php(860): CodeIgniter\HTTP\RedirectResponse->route(false)
 3 APPPATH\Controllers\Root.php(12): redirect('http://localhost:8080/admin')
 4 SYSTEMPATH\CodeIgniter.php(927): App\Controllers\Root->index()
 5 SYSTEMPATH\CodeIgniter.php(482): CodeIgniter\CodeIgniter->runController(Object(App\Controllers\Root))
 6 SYSTEMPATH\CodeIgniter.php(351): CodeIgniter\CodeIgniter->handleRequest(null, Object(Config\Cache), false)
 7 FCPATH\index.php(67): CodeIgniter\CodeIgniter->run()
 8 SYSTEMPATH\Commands\Server\rewrite.php(46): require_once('FCPATH\\index.php')
CRITICAL - 2022-11-05 00:13:22 --> The route for "http://localhost:8080/admin" cannot be found.
in SYSTEMPATH\HTTP\RedirectResponse.php on line 60.
 1 SYSTEMPATH\HTTP\RedirectResponse.php(60): CodeIgniter\HTTP\Exceptions\HTTPException::forInvalidRedirectRoute('http://localhost:8080/admin')
 2 SYSTEMPATH\Common.php(860): CodeIgniter\HTTP\RedirectResponse->route(false)
 3 APPPATH\Controllers\Root.php(12): redirect('http://localhost:8080/admin')
 4 SYSTEMPATH\CodeIgniter.php(927): App\Controllers\Root->index()
 5 SYSTEMPATH\CodeIgniter.php(482): CodeIgniter\CodeIgniter->runController(Object(App\Controllers\Root))
 6 SYSTEMPATH\CodeIgniter.php(351): CodeIgniter\CodeIgniter->handleRequest(null, Object(Config\Cache), false)
 7 FCPATH\index.php(67): CodeIgniter\CodeIgniter->run()
 8 SYSTEMPATH\Commands\Server\rewrite.php(46): require_once('FCPATH\\index.php')
CRITICAL - 2022-11-05 00:13:26 --> session_destroy(): Trying to destroy uninitialized session
in APPPATH\Controllers\Root.php on line 60.
 1 [internal function]: CodeIgniter\Debug\Exceptions->errorHandler(2, 'session_destroy(): Trying to destroy uninitialized session', 'APPPATH\\Controllers\\Root.php', 60)
 2 APPPATH\Controllers\Root.php(60): session_destroy()
 3 SYSTEMPATH\CodeIgniter.php(927): App\Controllers\Root->proseslogout()
 4 SYSTEMPATH\CodeIgniter.php(482): CodeIgniter\CodeIgniter->runController(Object(App\Controllers\Root))
 5 SYSTEMPATH\CodeIgniter.php(351): CodeIgniter\CodeIgniter->handleRequest(null, Object(Config\Cache), false)
 6 FCPATH\index.php(67): CodeIgniter\CodeIgniter->run()
 7 SYSTEMPATH\Commands\Server\rewrite.php(46): require_once('FCPATH\\index.php')
CRITICAL - 2022-11-05 00:13:41 --> The route for "http://localhost:8080/admin" cannot be found.
in SYSTEMPATH\HTTP\RedirectResponse.php on line 60.
 1 SYSTEMPATH\HTTP\RedirectResponse.php(60): CodeIgniter\HTTP\Exceptions\HTTPException::forInvalidRedirectRoute('http://localhost:8080/admin')
 2 SYSTEMPATH\Common.php(860): CodeIgniter\HTTP\RedirectResponse->route(false)
 3 APPPATH\Controllers\Root.php(12): redirect('http://localhost:8080/admin')
 4 SYSTEMPATH\CodeIgniter.php(927): App\Controllers\Root->index()
 5 SYSTEMPATH\CodeIgniter.php(482): CodeIgniter\CodeIgniter->runController(Object(App\Controllers\Root))
 6 SYSTEMPATH\CodeIgniter.php(351): CodeIgniter\CodeIgniter->handleRequest(null, Object(Config\Cache), false)
 7 FCPATH\index.php(67): CodeIgniter\CodeIgniter->run()
 8 SYSTEMPATH\Commands\Server\rewrite.php(46): require_once('FCPATH\\index.php')
CRITICAL - 2022-11-05 00:14:09 --> The route for "http://localhost:8080/admin" cannot be found.
in SYSTEMPATH\HTTP\RedirectResponse.php on line 60.
 1 SYSTEMPATH\HTTP\RedirectResponse.php(60): CodeIgniter\HTTP\Exceptions\HTTPException::forInvalidRedirectRoute('http://localhost:8080/admin')
 2 SYSTEMPATH\Common.php(860): CodeIgniter\HTTP\RedirectResponse->route(false)
 3 APPPATH\Controllers\Root.php(12): redirect('http://localhost:8080/admin')
 4 SYSTEMPATH\CodeIgniter.php(927): App\Controllers\Root->index()
 5 SYSTEMPATH\CodeIgniter.php(482): CodeIgniter\CodeIgniter->runController(Object(App\Controllers\Root))
 6 SYSTEMPATH\CodeIgniter.php(351): CodeIgniter\CodeIgniter->handleRequest(null, Object(Config\Cache), false)
 7 FCPATH\index.php(67): CodeIgniter\CodeIgniter->run()
 8 SYSTEMPATH\Commands\Server\rewrite.php(46): require_once('FCPATH\\index.php')
CRITICAL - 2022-11-05 00:14:11 --> The route for "http://localhost:8080/admin" cannot be found.
in SYSTEMPATH\HTTP\RedirectResponse.php on line 60.
 1 SYSTEMPATH\HTTP\RedirectResponse.php(60): CodeIgniter\HTTP\Exceptions\HTTPException::forInvalidRedirectRoute('http://localhost:8080/admin')
 2 SYSTEMPATH\Common.php(860): CodeIgniter\HTTP\RedirectResponse->route(false)
 3 APPPATH\Controllers\Root.php(12): redirect('http://localhost:8080/admin')
 4 SYSTEMPATH\CodeIgniter.php(927): App\Controllers\Root->index()
 5 SYSTEMPATH\CodeIgniter.php(482): CodeIgniter\CodeIgniter->runController(Object(App\Controllers\Root))
 6 SYSTEMPATH\CodeIgniter.php(351): CodeIgniter\CodeIgniter->handleRequest(null, Object(Config\Cache), false)
 7 FCPATH\index.php(67): CodeIgniter\CodeIgniter->run()
 8 SYSTEMPATH\Commands\Server\rewrite.php(46): require_once('FCPATH\\index.php')
CRITICAL - 2022-11-05 00:14:12 --> The route for "http://localhost:8080/admin" cannot be found.
in SYSTEMPATH\HTTP\RedirectResponse.php on line 60.
 1 SYSTEMPATH\HTTP\RedirectResponse.php(60): CodeIgniter\HTTP\Exceptions\HTTPException::forInvalidRedirectRoute('http://localhost:8080/admin')
 2 SYSTEMPATH\Common.php(860): CodeIgniter\HTTP\RedirectResponse->route(false)
 3 APPPATH\Controllers\Root.php(12): redirect('http://localhost:8080/admin')
 4 SYSTEMPATH\CodeIgniter.php(927): App\Controllers\Root->index()
 5 SYSTEMPATH\CodeIgniter.php(482): CodeIgniter\CodeIgniter->runController(Object(App\Controllers\Root))
 6 SYSTEMPATH\CodeIgniter.php(351): CodeIgniter\CodeIgniter->handleRequest(null, Object(Config\Cache), false)
 7 FCPATH\index.php(67): CodeIgniter\CodeIgniter->run()
 8 SYSTEMPATH\Commands\Server\rewrite.php(46): require_once('FCPATH\\index.php')
CRITICAL - 2022-11-05 00:14:20 --> The route for "http://localhost:8080/admin" cannot be found.
in SYSTEMPATH\HTTP\RedirectResponse.php on line 60.
 1 SYSTEMPATH\HTTP\RedirectResponse.php(60): CodeIgniter\HTTP\Exceptions\HTTPException::forInvalidRedirectRoute('http://localhost:8080/admin')
 2 SYSTEMPATH\Common.php(860): CodeIgniter\HTTP\RedirectResponse->route(false)
 3 APPPATH\Controllers\Root.php(12): redirect('http://localhost:8080/admin')
 4 SYSTEMPATH\CodeIgniter.php(927): App\Controllers\Root->index()
 5 SYSTEMPATH\CodeIgniter.php(482): CodeIgniter\CodeIgniter->runController(Object(App\Controllers\Root))
 6 SYSTEMPATH\CodeIgniter.php(351): CodeIgniter\CodeIgniter->handleRequest(null, Object(Config\Cache), false)
 7 FCPATH\index.php(67): CodeIgniter\CodeIgniter->run()
 8 SYSTEMPATH\Commands\Server\rewrite.php(46): require_once('FCPATH\\index.php')
CRITICAL - 2022-11-05 00:14:27 --> Too few arguments to function CodeIgniter\HTTP\RedirectResponse::route(), 0 passed in C:\xampp\htdocs\ovib_sisfo\app\Controllers\Root.php on line 60 and at least 1 expected
in SYSTEMPATH\HTTP\RedirectResponse.php on line 53.
 1 APPPATH\Controllers\Root.php(60): CodeIgniter\HTTP\RedirectResponse->route()
 2 SYSTEMPATH\CodeIgniter.php(927): App\Controllers\Root->proseslogout()
 3 SYSTEMPATH\CodeIgniter.php(482): CodeIgniter\CodeIgniter->runController(Object(App\Controllers\Root))
 4 SYSTEMPATH\CodeIgniter.php(351): CodeIgniter\CodeIgniter->handleRequest(null, Object(Config\Cache), false)
 5 FCPATH\index.php(67): CodeIgniter\CodeIgniter->run()
 6 SYSTEMPATH\Commands\Server\rewrite.php(46): require_once('FCPATH\\index.php')
CRITICAL - 2022-11-05 00:14:37 --> The route for "http://localhost:8080" cannot be found.
in SYSTEMPATH\HTTP\RedirectResponse.php on line 60.
 1 SYSTEMPATH\HTTP\RedirectResponse.php(60): CodeIgniter\HTTP\Exceptions\HTTPException::forInvalidRedirectRoute('http://localhost:8080')
 2 APPPATH\Controllers\Root.php(60): CodeIgniter\HTTP\RedirectResponse->route(false)
 3 SYSTEMPATH\CodeIgniter.php(927): App\Controllers\Root->proseslogout()
 4 SYSTEMPATH\CodeIgniter.php(482): CodeIgniter\CodeIgniter->runController(Object(App\Controllers\Root))
 5 SYSTEMPATH\CodeIgniter.php(351): CodeIgniter\CodeIgniter->handleRequest(null, Object(Config\Cache), false)
 6 FCPATH\index.php(67): CodeIgniter\CodeIgniter->run()
 7 SYSTEMPATH\Commands\Server\rewrite.php(46): require_once('FCPATH\\index.php')
CRITICAL - 2022-11-05 00:16:30 --> The route for "http://localhost:8080/admin" cannot be found.
in SYSTEMPATH\HTTP\RedirectResponse.php on line 60.
 1 SYSTEMPATH\HTTP\RedirectResponse.php(60): CodeIgniter\HTTP\Exceptions\HTTPException::forInvalidRedirectRoute('http://localhost:8080/admin')
 2 SYSTEMPATH\Common.php(860): CodeIgniter\HTTP\RedirectResponse->route(false)
 3 APPPATH\Controllers\Root.php(12): redirect('http://localhost:8080/admin')
 4 SYSTEMPATH\CodeIgniter.php(927): App\Controllers\Root->index()
 5 SYSTEMPATH\CodeIgniter.php(482): CodeIgniter\CodeIgniter->runController(Object(App\Controllers\Root))
 6 SYSTEMPATH\CodeIgniter.php(351): CodeIgniter\CodeIgniter->handleRequest(null, Object(Config\Cache), false)
 7 FCPATH\index.php(67): CodeIgniter\CodeIgniter->run()
 8 SYSTEMPATH\Commands\Server\rewrite.php(46): require_once('FCPATH\\index.php')
CRITICAL - 2022-11-05 00:16:44 --> The route for "http://localhost:8080/admin" cannot be found.
in SYSTEMPATH\HTTP\RedirectResponse.php on line 60.
 1 SYSTEMPATH\HTTP\RedirectResponse.php(60): CodeIgniter\HTTP\Exceptions\HTTPException::forInvalidRedirectRoute('http://localhost:8080/admin')
 2 SYSTEMPATH\Common.php(860): CodeIgniter\HTTP\RedirectResponse->route(false)
 3 APPPATH\Controllers\Root.php(12): redirect('http://localhost:8080/admin')
 4 SYSTEMPATH\CodeIgniter.php(927): App\Controllers\Root->index()
 5 SYSTEMPATH\CodeIgniter.php(482): CodeIgniter\CodeIgniter->runController(Object(App\Controllers\Root))
 6 SYSTEMPATH\CodeIgniter.php(351): CodeIgniter\CodeIgniter->handleRequest(null, Object(Config\Cache), false)
 7 FCPATH\index.php(67): CodeIgniter\CodeIgniter->run()
 8 SYSTEMPATH\Commands\Server\rewrite.php(46): require_once('FCPATH\\index.php')
CRITICAL - 2022-11-05 00:16:45 --> The route for "http://localhost:8080/admin" cannot be found.
in SYSTEMPATH\HTTP\RedirectResponse.php on line 60.
 1 SYSTEMPATH\HTTP\RedirectResponse.php(60): CodeIgniter\HTTP\Exceptions\HTTPException::forInvalidRedirectRoute('http://localhost:8080/admin')
 2 SYSTEMPATH\Common.php(860): CodeIgniter\HTTP\RedirectResponse->route(false)
 3 APPPATH\Controllers\Root.php(12): redirect('http://localhost:8080/admin')
 4 SYSTEMPATH\CodeIgniter.php(927): App\Controllers\Root->index()
 5 SYSTEMPATH\CodeIgniter.php(482): CodeIgniter\CodeIgniter->runController(Object(App\Controllers\Root))
 6 SYSTEMPATH\CodeIgniter.php(351): CodeIgniter\CodeIgniter->handleRequest(null, Object(Config\Cache), false)
 7 FCPATH\index.php(67): CodeIgniter\CodeIgniter->run()
 8 SYSTEMPATH\Commands\Server\rewrite.php(46): require_once('FCPATH\\index.php')
CRITICAL - 2022-11-05 00:16:45 --> The route for "http://localhost:8080/admin" cannot be found.
in SYSTEMPATH\HTTP\RedirectResponse.php on line 60.
 1 SYSTEMPATH\HTTP\RedirectResponse.php(60): CodeIgniter\HTTP\Exceptions\HTTPException::forInvalidRedirectRoute('http://localhost:8080/admin')
 2 SYSTEMPATH\Common.php(860): CodeIgniter\HTTP\RedirectResponse->route(false)
 3 APPPATH\Controllers\Root.php(12): redirect('http://localhost:8080/admin')
 4 SYSTEMPATH\CodeIgniter.php(927): App\Controllers\Root->index()
 5 SYSTEMPATH\CodeIgniter.php(482): CodeIgniter\CodeIgniter->runController(Object(App\Controllers\Root))
 6 SYSTEMPATH\CodeIgniter.php(351): CodeIgniter\CodeIgniter->handleRequest(null, Object(Config\Cache), false)
 7 FCPATH\index.php(67): CodeIgniter\CodeIgniter->run()
 8 SYSTEMPATH\Commands\Server\rewrite.php(46): require_once('FCPATH\\index.php')
CRITICAL - 2022-11-05 00:16:46 --> The route for "http://localhost:8080/admin" cannot be found.
in SYSTEMPATH\HTTP\RedirectResponse.php on line 60.
 1 SYSTEMPATH\HTTP\RedirectResponse.php(60): CodeIgniter\HTTP\Exceptions\HTTPException::forInvalidRedirectRoute('http://localhost:8080/admin')
 2 SYSTEMPATH\Common.php(860): CodeIgniter\HTTP\RedirectResponse->route(false)
 3 APPPATH\Controllers\Root.php(12): redirect('http://localhost:8080/admin')
 4 SYSTEMPATH\CodeIgniter.php(927): App\Controllers\Root->index()
 5 SYSTEMPATH\CodeIgniter.php(482): CodeIgniter\CodeIgniter->runController(Object(App\Controllers\Root))
 6 SYSTEMPATH\CodeIgniter.php(351): CodeIgniter\CodeIgniter->handleRequest(null, Object(Config\Cache), false)
 7 FCPATH\index.php(67): CodeIgniter\CodeIgniter->run()
 8 SYSTEMPATH\Commands\Server\rewrite.php(46): require_once('FCPATH\\index.php')
CRITICAL - 2022-11-05 00:16:47 --> The route for "http://localhost:8080/admin" cannot be found.
in SYSTEMPATH\HTTP\RedirectResponse.php on line 60.
 1 SYSTEMPATH\HTTP\RedirectResponse.php(60): CodeIgniter\HTTP\Exceptions\HTTPException::forInvalidRedirectRoute('http://localhost:8080/admin')
 2 SYSTEMPATH\Common.php(860): CodeIgniter\HTTP\RedirectResponse->route(false)
 3 APPPATH\Controllers\Root.php(12): redirect('http://localhost:8080/admin')
 4 SYSTEMPATH\CodeIgniter.php(927): App\Controllers\Root->index()
 5 SYSTEMPATH\CodeIgniter.php(482): CodeIgniter\CodeIgniter->runController(Object(App\Controllers\Root))
 6 SYSTEMPATH\CodeIgniter.php(351): CodeIgniter\CodeIgniter->handleRequest(null, Object(Config\Cache), false)
 7 FCPATH\index.php(67): CodeIgniter\CodeIgniter->run()
 8 SYSTEMPATH\Commands\Server\rewrite.php(46): require_once('FCPATH\\index.php')
CRITICAL - 2022-11-05 00:16:47 --> The route for "http://localhost:8080/admin" cannot be found.
in SYSTEMPATH\HTTP\RedirectResponse.php on line 60.
 1 SYSTEMPATH\HTTP\RedirectResponse.php(60): CodeIgniter\HTTP\Exceptions\HTTPException::forInvalidRedirectRoute('http://localhost:8080/admin')
 2 SYSTEMPATH\Common.php(860): CodeIgniter\HTTP\RedirectResponse->route(false)
 3 APPPATH\Controllers\Root.php(12): redirect('http://localhost:8080/admin')
 4 SYSTEMPATH\CodeIgniter.php(927): App\Controllers\Root->index()
 5 SYSTEMPATH\CodeIgniter.php(482): CodeIgniter\CodeIgniter->runController(Object(App\Controllers\Root))
 6 SYSTEMPATH\CodeIgniter.php(351): CodeIgniter\CodeIgniter->handleRequest(null, Object(Config\Cache), false)
 7 FCPATH\index.php(67): CodeIgniter\CodeIgniter->run()
 8 SYSTEMPATH\Commands\Server\rewrite.php(46): require_once('FCPATH\\index.php')
CRITICAL - 2022-11-05 00:16:47 --> The route for "http://localhost:8080/admin" cannot be found.
in SYSTEMPATH\HTTP\RedirectResponse.php on line 60.
 1 SYSTEMPATH\HTTP\RedirectResponse.php(60): CodeIgniter\HTTP\Exceptions\HTTPException::forInvalidRedirectRoute('http://localhost:8080/admin')
 2 SYSTEMPATH\Common.php(860): CodeIgniter\HTTP\RedirectResponse->route(false)
 3 APPPATH\Controllers\Root.php(12): redirect('http://localhost:8080/admin')
 4 SYSTEMPATH\CodeIgniter.php(927): App\Controllers\Root->index()
 5 SYSTEMPATH\CodeIgniter.php(482): CodeIgniter\CodeIgniter->runController(Object(App\Controllers\Root))
 6 SYSTEMPATH\CodeIgniter.php(351): CodeIgniter\CodeIgniter->handleRequest(null, Object(Config\Cache), false)
 7 FCPATH\index.php(67): CodeIgniter\CodeIgniter->run()
 8 SYSTEMPATH\Commands\Server\rewrite.php(46): require_once('FCPATH\\index.php')
CRITICAL - 2022-11-05 00:16:47 --> The route for "http://localhost:8080/admin" cannot be found.
in SYSTEMPATH\HTTP\RedirectResponse.php on line 60.
 1 SYSTEMPATH\HTTP\RedirectResponse.php(60): CodeIgniter\HTTP\Exceptions\HTTPException::forInvalidRedirectRoute('http://localhost:8080/admin')
 2 SYSTEMPATH\Common.php(860): CodeIgniter\HTTP\RedirectResponse->route(false)
 3 APPPATH\Controllers\Root.php(12): redirect('http://localhost:8080/admin')
 4 SYSTEMPATH\CodeIgniter.php(927): App\Controllers\Root->index()
 5 SYSTEMPATH\CodeIgniter.php(482): CodeIgniter\CodeIgniter->runController(Object(App\Controllers\Root))
 6 SYSTEMPATH\CodeIgniter.php(351): CodeIgniter\CodeIgniter->handleRequest(null, Object(Config\Cache), false)
 7 FCPATH\index.php(67): CodeIgniter\CodeIgniter->run()
 8 SYSTEMPATH\Commands\Server\rewrite.php(46): require_once('FCPATH\\index.php')
CRITICAL - 2022-11-05 00:16:48 --> The route for "http://localhost:8080/admin" cannot be found.
in SYSTEMPATH\HTTP\RedirectResponse.php on line 60.
 1 SYSTEMPATH\HTTP\RedirectResponse.php(60): CodeIgniter\HTTP\Exceptions\HTTPException::forInvalidRedirectRoute('http://localhost:8080/admin')
 2 SYSTEMPATH\Common.php(860): CodeIgniter\HTTP\RedirectResponse->route(false)
 3 APPPATH\Controllers\Root.php(12): redirect('http://localhost:8080/admin')
 4 SYSTEMPATH\CodeIgniter.php(927): App\Controllers\Root->index()
 5 SYSTEMPATH\CodeIgniter.php(482): CodeIgniter\CodeIgniter->runController(Object(App\Controllers\Root))
 6 SYSTEMPATH\CodeIgniter.php(351): CodeIgniter\CodeIgniter->handleRequest(null, Object(Config\Cache), false)
 7 FCPATH\index.php(67): CodeIgniter\CodeIgniter->run()
 8 SYSTEMPATH\Commands\Server\rewrite.php(46): require_once('FCPATH\\index.php')
CRITICAL - 2022-11-05 00:16:48 --> The route for "http://localhost:8080/admin" cannot be found.
in SYSTEMPATH\HTTP\RedirectResponse.php on line 60.
 1 SYSTEMPATH\HTTP\RedirectResponse.php(60): CodeIgniter\HTTP\Exceptions\HTTPException::forInvalidRedirectRoute('http://localhost:8080/admin')
 2 SYSTEMPATH\Common.php(860): CodeIgniter\HTTP\RedirectResponse->route(false)
 3 APPPATH\Controllers\Root.php(12): redirect('http://localhost:8080/admin')
 4 SYSTEMPATH\CodeIgniter.php(927): App\Controllers\Root->index()
 5 SYSTEMPATH\CodeIgniter.php(482): CodeIgniter\CodeIgniter->runController(Object(App\Controllers\Root))
 6 SYSTEMPATH\CodeIgniter.php(351): CodeIgniter\CodeIgniter->handleRequest(null, Object(Config\Cache), false)
 7 FCPATH\index.php(67): CodeIgniter\CodeIgniter->run()
 8 SYSTEMPATH\Commands\Server\rewrite.php(46): require_once('FCPATH\\index.php')
CRITICAL - 2022-11-05 00:16:48 --> The route for "http://localhost:8080/admin" cannot be found.
in SYSTEMPATH\HTTP\RedirectResponse.php on line 60.
 1 SYSTEMPATH\HTTP\RedirectResponse.php(60): CodeIgniter\HTTP\Exceptions\HTTPException::forInvalidRedirectRoute('http://localhost:8080/admin')
 2 SYSTEMPATH\Common.php(860): CodeIgniter\HTTP\RedirectResponse->route(false)
 3 APPPATH\Controllers\Root.php(12): redirect('http://localhost:8080/admin')
 4 SYSTEMPATH\CodeIgniter.php(927): App\Controllers\Root->index()
 5 SYSTEMPATH\CodeIgniter.php(482): CodeIgniter\CodeIgniter->runController(Object(App\Controllers\Root))
 6 SYSTEMPATH\CodeIgniter.php(351): CodeIgniter\CodeIgniter->handleRequest(null, Object(Config\Cache), false)
 7 FCPATH\index.php(67): CodeIgniter\CodeIgniter->run()
 8 SYSTEMPATH\Commands\Server\rewrite.php(46): require_once('FCPATH\\index.php')
CRITICAL - 2022-11-05 00:17:10 --> session_destroy(): Trying to destroy uninitialized session
in APPPATH\Controllers\Root.php on line 60.
 1 [internal function]: CodeIgniter\Debug\Exceptions->errorHandler(2, 'session_destroy(): Trying to destroy uninitialized session', 'APPPATH\\Controllers\\Root.php', 60)
 2 APPPATH\Controllers\Root.php(60): session_destroy()
 3 SYSTEMPATH\CodeIgniter.php(927): App\Controllers\Root->proseslogout()
 4 SYSTEMPATH\CodeIgniter.php(482): CodeIgniter\CodeIgniter->runController(Object(App\Controllers\Root))
 5 SYSTEMPATH\CodeIgniter.php(351): CodeIgniter\CodeIgniter->handleRequest(null, Object(Config\Cache), false)
 6 FCPATH\index.php(67): CodeIgniter\CodeIgniter->run()
 7 SYSTEMPATH\Commands\Server\rewrite.php(46): require_once('FCPATH\\index.php')
CRITICAL - 2022-11-05 00:19:16 --> Call to undefined method CodeIgniter\Session\Session::userdata()
in APPPATH\Controllers\Root.php on line 63.
 1 SYSTEMPATH\CodeIgniter.php(927): App\Controllers\Root->proseslogout()
 2 SYSTEMPATH\CodeIgniter.php(482): CodeIgniter\CodeIgniter->runController(Object(App\Controllers\Root))
 3 SYSTEMPATH\CodeIgniter.php(351): CodeIgniter\CodeIgniter->handleRequest(null, Object(Config\Cache), false)
 4 FCPATH\index.php(67): CodeIgniter\CodeIgniter->run()
 5 SYSTEMPATH\Commands\Server\rewrite.php(46): require_once('FCPATH\\index.php')
CRITICAL - 2022-11-05 00:19:25 --> Call to undefined method CodeIgniter\Session\Session::userdata()
in APPPATH\Controllers\Root.php on line 62.
 1 SYSTEMPATH\CodeIgniter.php(927): App\Controllers\Root->proseslogout()
 2 SYSTEMPATH\CodeIgniter.php(482): CodeIgniter\CodeIgniter->runController(Object(App\Controllers\Root))
 3 SYSTEMPATH\CodeIgniter.php(351): CodeIgniter\CodeIgniter->handleRequest(null, Object(Config\Cache), false)
 4 FCPATH\index.php(67): CodeIgniter\CodeIgniter->run()
 5 SYSTEMPATH\Commands\Server\rewrite.php(46): require_once('FCPATH\\index.php')
CRITICAL - 2022-11-05 00:22:33 --> session_destroy(): Trying to destroy uninitialized session
in APPPATH\Controllers\Root.php on line 60.
 1 [internal function]: CodeIgniter\Debug\Exceptions->errorHandler(2, 'session_destroy(): Trying to destroy uninitialized session', 'APPPATH\\Controllers\\Root.php', 60)
 2 APPPATH\Controllers\Root.php(60): session_destroy()
 3 SYSTEMPATH\CodeIgniter.php(927): App\Controllers\Root->proseslogout()
 4 SYSTEMPATH\CodeIgniter.php(482): CodeIgniter\CodeIgniter->runController(Object(App\Controllers\Root))
 5 SYSTEMPATH\CodeIgniter.php(351): CodeIgniter\CodeIgniter->handleRequest(null, Object(Config\Cache), false)
 6 FCPATH\index.php(67): CodeIgniter\CodeIgniter->run()
 7 SYSTEMPATH\Commands\Server\rewrite.php(46): require_once('FCPATH\\index.php')
CRITICAL - 2022-11-05 00:31:29 --> syntax error, unexpected identifier "base_url", expecting ":"
in APPPATH\Controllers\Root.php on line 60.
 1 SYSTEMPATH\Autoloader\Autoloader.php(259): CodeIgniter\Autoloader\Autoloader->includeFile('APPPATH\\Controllers\\Root.php')
 2 SYSTEMPATH\Autoloader\Autoloader.php(237): CodeIgniter\Autoloader\Autoloader->loadInNamespace('App\\Controllers\\Root')
 3 [internal function]: CodeIgniter\Autoloader\Autoloader->loadClass('App\\Controllers\\Root')
 4 SYSTEMPATH\CodeIgniter.php(877): class_exists('\\App\\Controllers\\Root', true)
 5 SYSTEMPATH\CodeIgniter.php(469): CodeIgniter\CodeIgniter->startController()
 6 SYSTEMPATH\CodeIgniter.php(351): CodeIgniter\CodeIgniter->handleRequest(null, Object(Config\Cache), false)
 7 FCPATH\index.php(67): CodeIgniter\CodeIgniter->run()
 8 SYSTEMPATH\Commands\Server\rewrite.php(46): require_once('FCPATH\\index.php')
CRITICAL - 2022-11-05 00:31:49 --> The route for "http://localhost:8080/admin" cannot be found.
in SYSTEMPATH\HTTP\RedirectResponse.php on line 60.
 1 SYSTEMPATH\HTTP\RedirectResponse.php(60): CodeIgniter\HTTP\Exceptions\HTTPException::forInvalidRedirectRoute('http://localhost:8080/admin')
 2 SYSTEMPATH\Common.php(860): CodeIgniter\HTTP\RedirectResponse->route(false)
 3 APPPATH\Controllers\Root.php(12): redirect('http://localhost:8080/admin')
 4 SYSTEMPATH\CodeIgniter.php(927): App\Controllers\Root->index()
 5 SYSTEMPATH\CodeIgniter.php(482): CodeIgniter\CodeIgniter->runController(Object(App\Controllers\Root))
 6 SYSTEMPATH\CodeIgniter.php(351): CodeIgniter\CodeIgniter->handleRequest(null, Object(Config\Cache), false)
 7 FCPATH\index.php(67): CodeIgniter\CodeIgniter->run()
 8 SYSTEMPATH\Commands\Server\rewrite.php(46): require_once('FCPATH\\index.php')
CRITICAL - 2022-11-05 00:33:00 --> Invalid file: admin/landing.php
in SYSTEMPATH\Exceptions\FrameworkException.php on line 33.
 1 SYSTEMPATH\View\View.php(201): CodeIgniter\Exceptions\FrameworkException::forInvalidFile('admin/landing.php')
 2 SYSTEMPATH\Common.php(1134): CodeIgniter\View\View->render('admin/landing', [], true)
 3 APPPATH\Controllers\Admin.php(12): view('admin/landing')
 4 SYSTEMPATH\CodeIgniter.php(927): App\Controllers\Admin->index()
 5 SYSTEMPATH\CodeIgniter.php(482): CodeIgniter\CodeIgniter->runController(Object(App\Controllers\Admin))
 6 SYSTEMPATH\CodeIgniter.php(351): CodeIgniter\CodeIgniter->handleRequest(null, Object(Config\Cache), false)
 7 FCPATH\index.php(67): CodeIgniter\CodeIgniter->run()
 8 SYSTEMPATH\Commands\Server\rewrite.php(46): require_once('FCPATH\\index.php')
CRITICAL - 2022-11-05 01:44:52 --> Too few arguments to function CodeIgniter\Session\Session::remove(), 0 passed in C:\xampp\htdocs\ovib_sisfo\app\Controllers\Root.php on line 60 and exactly 1 expected
in SYSTEMPATH\Session\Session.php on line 546.
 1 APPPATH\Controllers\Root.php(60): CodeIgniter\Session\Session->remove()
 2 SYSTEMPATH\CodeIgniter.php(927): App\Controllers\Root->proseslogout()
 3 SYSTEMPATH\CodeIgniter.php(482): CodeIgniter\CodeIgniter->runController(Object(App\Controllers\Root))
 4 SYSTEMPATH\CodeIgniter.php(351): CodeIgniter\CodeIgniter->handleRequest(null, Object(Config\Cache), false)
 5 FCPATH\index.php(67): CodeIgniter\CodeIgniter->run()
 6 SYSTEMPATH\Commands\Server\rewrite.php(46): require_once('FCPATH\\index.php')
CRITICAL - 2022-11-05 02:05:18 --> Class "App\Controllers\Surveimodel" not found
in APPPATH\Controllers\Survei.php on line 9.
 1 SYSTEMPATH\CodeIgniter.php(889): App\Controllers\Survei->__construct()
 2 SYSTEMPATH\CodeIgniter.php(473): CodeIgniter\CodeIgniter->createController()
 3 SYSTEMPATH\CodeIgniter.php(351): CodeIgniter\CodeIgniter->handleRequest(null, Object(Config\Cache), false)
 4 FCPATH\index.php(67): CodeIgniter\CodeIgniter->run()
 5 SYSTEMPATH\Commands\Server\rewrite.php(46): require_once('FCPATH\\index.php')
CRITICAL - 2022-11-05 02:05:42 --> Undefined variable $model
in APPPATH\Controllers\Survei.php on line 14.
 1 APPPATH\Controllers\Survei.php(14): CodeIgniter\Debug\Exceptions->errorHandler(2, 'Undefined variable $model', 'APPPATH\\Controllers\\Survei.php', 14)
 2 SYSTEMPATH\CodeIgniter.php(927): App\Controllers\Survei->index()
 3 SYSTEMPATH\CodeIgniter.php(482): CodeIgniter\CodeIgniter->runController(Object(App\Controllers\Survei))
 4 SYSTEMPATH\CodeIgniter.php(351): CodeIgniter\CodeIgniter->handleRequest(null, Object(Config\Cache), false)
 5 FCPATH\index.php(67): CodeIgniter\CodeIgniter->run()
 6 SYSTEMPATH\Commands\Server\rewrite.php(46): require_once('FCPATH\\index.php')
CRITICAL - 2022-11-05 02:06:12 --> Undefined variable $model
in APPPATH\Controllers\Survei.php on line 14.
 1 APPPATH\Controllers\Survei.php(14): CodeIgniter\Debug\Exceptions->errorHandler(2, 'Undefined variable $model', 'APPPATH\\Controllers\\Survei.php', 14)
 2 SYSTEMPATH\CodeIgniter.php(927): App\Controllers\Survei->index()
 3 SYSTEMPATH\CodeIgniter.php(482): CodeIgniter\CodeIgniter->runController(Object(App\Controllers\Survei))
 4 SYSTEMPATH\CodeIgniter.php(351): CodeIgniter\CodeIgniter->handleRequest(null, Object(Config\Cache), false)
 5 FCPATH\index.php(67): CodeIgniter\CodeIgniter->run()
 6 SYSTEMPATH\Commands\Server\rewrite.php(46): require_once('FCPATH\\index.php')
CRITICAL - 2022-11-05 02:06:13 --> Undefined variable $model
in APPPATH\Controllers\Survei.php on line 14.
 1 APPPATH\Controllers\Survei.php(14): CodeIgniter\Debug\Exceptions->errorHandler(2, 'Undefined variable $model', 'APPPATH\\Controllers\\Survei.php', 14)
 2 SYSTEMPATH\CodeIgniter.php(927): App\Controllers\Survei->index()
 3 SYSTEMPATH\CodeIgniter.php(482): CodeIgniter\CodeIgniter->runController(Object(App\Controllers\Survei))
 4 SYSTEMPATH\CodeIgniter.php(351): CodeIgniter\CodeIgniter->handleRequest(null, Object(Config\Cache), false)
 5 FCPATH\index.php(67): CodeIgniter\CodeIgniter->run()
 6 SYSTEMPATH\Commands\Server\rewrite.php(46): require_once('FCPATH\\index.php')
CRITICAL - 2022-11-05 02:06:13 --> Undefined variable $model
in APPPATH\Controllers\Survei.php on line 14.
 1 APPPATH\Controllers\Survei.php(14): CodeIgniter\Debug\Exceptions->errorHandler(2, 'Undefined variable $model', 'APPPATH\\Controllers\\Survei.php', 14)
 2 SYSTEMPATH\CodeIgniter.php(927): App\Controllers\Survei->index()
 3 SYSTEMPATH\CodeIgniter.php(482): CodeIgniter\CodeIgniter->runController(Object(App\Controllers\Survei))
 4 SYSTEMPATH\CodeIgniter.php(351): CodeIgniter\CodeIgniter->handleRequest(null, Object(Config\Cache), false)
 5 FCPATH\index.php(67): CodeIgniter\CodeIgniter->run()
 6 SYSTEMPATH\Commands\Server\rewrite.php(46): require_once('FCPATH\\index.php')
CRITICAL - 2022-11-05 02:06:13 --> Undefined variable $model
in APPPATH\Controllers\Survei.php on line 14.
 1 APPPATH\Controllers\Survei.php(14): CodeIgniter\Debug\Exceptions->errorHandler(2, 'Undefined variable $model', 'APPPATH\\Controllers\\Survei.php', 14)
 2 SYSTEMPATH\CodeIgniter.php(927): App\Controllers\Survei->index()
 3 SYSTEMPATH\CodeIgniter.php(482): CodeIgniter\CodeIgniter->runController(Object(App\Controllers\Survei))
 4 SYSTEMPATH\CodeIgniter.php(351): CodeIgniter\CodeIgniter->handleRequest(null, Object(Config\Cache), false)
 5 FCPATH\index.php(67): CodeIgniter\CodeIgniter->run()
 6 SYSTEMPATH\Commands\Server\rewrite.php(46): require_once('FCPATH\\index.php')
CRITICAL - 2022-11-05 02:06:30 --> Constant expression contains invalid operations
in APPPATH\Controllers\Survei.php on line 6.
 1 [internal function]: CodeIgniter\Debug\Exceptions->shutdownHandler()
CRITICAL - 2022-11-05 02:07:40 --> syntax error, unexpected variable "$model", expecting "function" or "const"
in APPPATH\Controllers\Survei.php on line 6.
 1 SYSTEMPATH\Autoloader\Autoloader.php(259): CodeIgniter\Autoloader\Autoloader->includeFile('APPPATH\\Controllers\\Survei.php')
 2 SYSTEMPATH\Autoloader\Autoloader.php(237): CodeIgniter\Autoloader\Autoloader->loadInNamespace('App\\Controllers\\Survei')
 3 [internal function]: CodeIgniter\Autoloader\Autoloader->loadClass('App\\Controllers\\Survei')
 4 SYSTEMPATH\CodeIgniter.php(877): class_exists('\\App\\Controllers\\Survei', true)
 5 SYSTEMPATH\CodeIgniter.php(469): CodeIgniter\CodeIgniter->startController()
 6 SYSTEMPATH\CodeIgniter.php(351): CodeIgniter\CodeIgniter->handleRequest(null, Object(Config\Cache), false)
 7 FCPATH\index.php(67): CodeIgniter\CodeIgniter->run()
 8 SYSTEMPATH\Commands\Server\rewrite.php(46): require_once('FCPATH\\index.php')
CRITICAL - 2022-11-05 02:07:47 --> Constant expression contains invalid operations
in APPPATH\Controllers\Survei.php on line 6.
 1 [internal function]: CodeIgniter\Debug\Exceptions->shutdownHandler()
CRITICAL - 2022-11-05 02:08:38 --> You must set the database table to be used with your query.
in SYSTEMPATH\Database\BaseConnection.php on line 845.
 1 SYSTEMPATH\Model.php(587): CodeIgniter\Database\BaseConnection->table(null)
 2 SYSTEMPATH\Model.php(216): CodeIgniter\Model->builder()
 3 SYSTEMPATH\BaseModel.php(585): CodeIgniter\Model->doFindAll(0, 0)
 4 APPPATH\Models\Surveimodel.php(8): CodeIgniter\BaseModel->findAll()
 5 APPPATH\Controllers\Survei.php(14): App\Models\Surveimodel->getData()
 6 SYSTEMPATH\CodeIgniter.php(927): App\Controllers\Survei->index()
 7 SYSTEMPATH\CodeIgniter.php(482): CodeIgniter\CodeIgniter->runController(Object(App\Controllers\Survei))
 8 SYSTEMPATH\CodeIgniter.php(351): CodeIgniter\CodeIgniter->handleRequest(null, Object(Config\Cache), false)
 9 FCPATH\index.php(67): CodeIgniter\CodeIgniter->run()
10 SYSTEMPATH\Commands\Server\rewrite.php(46): require_once('FCPATH\\index.php')
CRITICAL - 2022-11-05 07:49:41 --> You must set the database table to be used with your query.
in SYSTEMPATH\Database\BaseConnection.php on line 845.
 1 SYSTEMPATH\Model.php(587): CodeIgniter\Database\BaseConnection->table(null)
 2 SYSTEMPATH\Model.php(216): CodeIgniter\Model->builder()
 3 SYSTEMPATH\BaseModel.php(585): CodeIgniter\Model->doFindAll(0, 0)
 4 APPPATH\Models\Surveimodel.php(8): CodeIgniter\BaseModel->findAll()
 5 APPPATH\Controllers\Survei.php(14): App\Models\Surveimodel->getData()
 6 SYSTEMPATH\CodeIgniter.php(927): App\Controllers\Survei->index()
 7 SYSTEMPATH\CodeIgniter.php(482): CodeIgniter\CodeIgniter->runController(Object(App\Controllers\Survei))
 8 SYSTEMPATH\CodeIgniter.php(351): CodeIgniter\CodeIgniter->handleRequest(null, Object(Config\Cache), false)
 9 FCPATH\index.php(67): CodeIgniter\CodeIgniter->run()
10 SYSTEMPATH\Commands\Server\rewrite.php(46): require_once('FCPATH\\index.php')
CRITICAL - 2022-11-05 07:50:50 --> syntax error, unexpected token "(", expecting identifier or variable or "{" or "$"
in APPPATH\Controllers\Survei.php on line 12.
 1 SYSTEMPATH\Autoloader\Autoloader.php(259): CodeIgniter\Autoloader\Autoloader->includeFile('APPPATH\\Controllers\\Survei.php')
 2 SYSTEMPATH\Autoloader\Autoloader.php(237): CodeIgniter\Autoloader\Autoloader->loadInNamespace('App\\Controllers\\Survei')
 3 [internal function]: CodeIgniter\Autoloader\Autoloader->loadClass('App\\Controllers\\Survei')
 4 SYSTEMPATH\CodeIgniter.php(877): class_exists('\\App\\Controllers\\Survei', true)
 5 SYSTEMPATH\CodeIgniter.php(469): CodeIgniter\CodeIgniter->startController()
 6 SYSTEMPATH\CodeIgniter.php(351): CodeIgniter\CodeIgniter->handleRequest(null, Object(Config\Cache), false)
 7 FCPATH\index.php(67): CodeIgniter\CodeIgniter->run()
 8 SYSTEMPATH\Commands\Server\rewrite.php(46): require_once('FCPATH\\index.php')
CRITICAL - 2022-11-05 07:50:51 --> syntax error, unexpected token "(", expecting identifier or variable or "{" or "$"
in APPPATH\Controllers\Survei.php on line 12.
 1 SYSTEMPATH\Autoloader\Autoloader.php(259): CodeIgniter\Autoloader\Autoloader->includeFile('APPPATH\\Controllers\\Survei.php')
 2 SYSTEMPATH\Autoloader\Autoloader.php(237): CodeIgniter\Autoloader\Autoloader->loadInNamespace('App\\Controllers\\Survei')
 3 [internal function]: CodeIgniter\Autoloader\Autoloader->loadClass('App\\Controllers\\Survei')
 4 SYSTEMPATH\CodeIgniter.php(877): class_exists('\\App\\Controllers\\Survei', true)
 5 SYSTEMPATH\CodeIgniter.php(469): CodeIgniter\CodeIgniter->startController()
 6 SYSTEMPATH\CodeIgniter.php(351): CodeIgniter\CodeIgniter->handleRequest(null, Object(Config\Cache), false)
 7 FCPATH\index.php(67): CodeIgniter\CodeIgniter->run()
 8 SYSTEMPATH\Commands\Server\rewrite.php(46): require_once('FCPATH\\index.php')
CRITICAL - 2022-11-05 08:17:21 --> Undefined property: mysqli::$kodepengguna
in APPPATH\Views\admin\survei.php on line 51.
 1 APPPATH\Views\admin\survei.php(51): CodeIgniter\Debug\Exceptions->errorHandler(2, 'Undefined property: mysqli::$kodepengguna', 'APPPATH\\Views\\admin\\survei.php', 51)
 2 SYSTEMPATH\View\View.php(213): include('APPPATH\\Views\\admin\\survei.php')
 3 SYSTEMPATH\View\View.php(216): CodeIgniter\View\View->CodeIgniter\View\{closure}()
 4 SYSTEMPATH\Common.php(1134): CodeIgniter\View\View->render('admin/survei', [], true)
 5 APPPATH\Controllers\Survei.php(13): view('admin/survei', [...])
 6 SYSTEMPATH\CodeIgniter.php(927): App\Controllers\Survei->index()
 7 SYSTEMPATH\CodeIgniter.php(482): CodeIgniter\CodeIgniter->runController(Object(App\Controllers\Survei))
 8 SYSTEMPATH\CodeIgniter.php(351): CodeIgniter\CodeIgniter->handleRequest(null, Object(Config\Cache), false)
 9 FCPATH\index.php(67): CodeIgniter\CodeIgniter->run()
10 SYSTEMPATH\Commands\Server\rewrite.php(46): require_once('FCPATH\\index.php')
CRITICAL - 2022-11-05 08:18:07 --> count(): Argument #1 ($var) must be of type Countable|array, CodeIgniter\Database\MySQLi\Result given
in APPPATH\Views\admin\survei.php on line 50.
 1 SYSTEMPATH\View\View.php(213): include()
 2 SYSTEMPATH\View\View.php(216): CodeIgniter\View\View->CodeIgniter\View\{closure}()
 3 SYSTEMPATH\Common.php(1134): CodeIgniter\View\View->render('admin/survei', [], true)
 4 APPPATH\Controllers\Survei.php(13): view('admin/survei', [...])
 5 SYSTEMPATH\CodeIgniter.php(927): App\Controllers\Survei->index()
 6 SYSTEMPATH\CodeIgniter.php(482): CodeIgniter\CodeIgniter->runController(Object(App\Controllers\Survei))
 7 SYSTEMPATH\CodeIgniter.php(351): CodeIgniter\CodeIgniter->handleRequest(null, Object(Config\Cache), false)
 8 FCPATH\index.php(67): CodeIgniter\CodeIgniter->run()
 9 SYSTEMPATH\Commands\Server\rewrite.php(46): require_once('FCPATH\\index.php')
CRITICAL - 2022-11-05 08:27:41 --> Undefined property: CodeIgniter\View\View::$db
in APPPATH\Views\admin\survei.php on line 17.
 1 APPPATH\Views\admin\survei.php(17): CodeIgniter\Debug\Exceptions->errorHandler(2, 'Undefined property: CodeIgniter\\View\\View::$db', 'APPPATH\\Views\\admin\\survei.php', 17)
 2 SYSTEMPATH\View\View.php(213): include('APPPATH\\Views\\admin\\survei.php')
 3 SYSTEMPATH\View\View.php(216): CodeIgniter\View\View->CodeIgniter\View\{closure}()
 4 SYSTEMPATH\Common.php(1134): CodeIgniter\View\View->render('admin/survei', [], true)
 5 APPPATH\Controllers\Survei.php(13): view('admin/survei', [...])
 6 SYSTEMPATH\CodeIgniter.php(927): App\Controllers\Survei->index()
 7 SYSTEMPATH\CodeIgniter.php(482): CodeIgniter\CodeIgniter->runController(Object(App\Controllers\Survei))
 8 SYSTEMPATH\CodeIgniter.php(351): CodeIgniter\CodeIgniter->handleRequest(null, Object(Config\Cache), false)
 9 FCPATH\index.php(67): CodeIgniter\CodeIgniter->run()
10 SYSTEMPATH\Commands\Server\rewrite.php(46): require_once('FCPATH\\index.php')
CRITICAL - 2022-11-05 08:27:59 --> Call to undefined function db2_connect()
in APPPATH\Views\admin\survei.php on line 2.
 1 SYSTEMPATH\View\View.php(213): include()
 2 SYSTEMPATH\View\View.php(216): CodeIgniter\View\View->CodeIgniter\View\{closure}()
 3 SYSTEMPATH\Common.php(1134): CodeIgniter\View\View->render('admin/survei', [], true)
 4 APPPATH\Controllers\Survei.php(13): view('admin/survei', [...])
 5 SYSTEMPATH\CodeIgniter.php(927): App\Controllers\Survei->index()
 6 SYSTEMPATH\CodeIgniter.php(482): CodeIgniter\CodeIgniter->runController(Object(App\Controllers\Survei))
 7 SYSTEMPATH\CodeIgniter.php(351): CodeIgniter\CodeIgniter->handleRequest(null, Object(Config\Cache), false)
 8 FCPATH\index.php(67): CodeIgniter\CodeIgniter->run()
 9 SYSTEMPATH\Commands\Server\rewrite.php(46): require_once('FCPATH\\index.php')
CRITICAL - 2022-11-05 08:28:05 --> Undefined property: CodeIgniter\View\View::$db
in APPPATH\Views\admin\survei.php on line 18.
 1 APPPATH\Views\admin\survei.php(18): CodeIgniter\Debug\Exceptions->errorHandler(2, 'Undefined property: CodeIgniter\\View\\View::$db', 'APPPATH\\Views\\admin\\survei.php', 18)
 2 SYSTEMPATH\View\View.php(213): include('APPPATH\\Views\\admin\\survei.php')
 3 SYSTEMPATH\View\View.php(216): CodeIgniter\View\View->CodeIgniter\View\{closure}()
 4 SYSTEMPATH\Common.php(1134): CodeIgniter\View\View->render('admin/survei', [], true)
 5 APPPATH\Controllers\Survei.php(13): view('admin/survei', [...])
 6 SYSTEMPATH\CodeIgniter.php(927): App\Controllers\Survei->index()
 7 SYSTEMPATH\CodeIgniter.php(482): CodeIgniter\CodeIgniter->runController(Object(App\Controllers\Survei))
 8 SYSTEMPATH\CodeIgniter.php(351): CodeIgniter\CodeIgniter->handleRequest(null, Object(Config\Cache), false)
 9 FCPATH\index.php(67): CodeIgniter\CodeIgniter->run()
10 SYSTEMPATH\Commands\Server\rewrite.php(46): require_once('FCPATH\\index.php')
CRITICAL - 2022-11-05 08:28:47 --> Undefined property: CodeIgniter\View\View::$db
in APPPATH\Views\admin\survei.php on line 18.
 1 APPPATH\Views\admin\survei.php(18): CodeIgniter\Debug\Exceptions->errorHandler(2, 'Undefined property: CodeIgniter\\View\\View::$db', 'APPPATH\\Views\\admin\\survei.php', 18)
 2 SYSTEMPATH\View\View.php(213): include('APPPATH\\Views\\admin\\survei.php')
 3 SYSTEMPATH\View\View.php(216): CodeIgniter\View\View->CodeIgniter\View\{closure}()
 4 SYSTEMPATH\Common.php(1134): CodeIgniter\View\View->render('admin/survei', [], true)
 5 APPPATH\Controllers\Survei.php(13): view('admin/survei', [...])
 6 SYSTEMPATH\CodeIgniter.php(927): App\Controllers\Survei->index()
 7 SYSTEMPATH\CodeIgniter.php(482): CodeIgniter\CodeIgniter->runController(Object(App\Controllers\Survei))
 8 SYSTEMPATH\CodeIgniter.php(351): CodeIgniter\CodeIgniter->handleRequest(null, Object(Config\Cache), false)
 9 FCPATH\index.php(67): CodeIgniter\CodeIgniter->run()
10 SYSTEMPATH\Commands\Server\rewrite.php(46): require_once('FCPATH\\index.php')
CRITICAL - 2022-11-05 08:29:15 --> Call to undefined method CodeIgniter\Database\MySQLi\Result::countAllResults()
in APPPATH\Views\admin\survei.php on line 18.
 1 SYSTEMPATH\View\View.php(213): include()
 2 SYSTEMPATH\View\View.php(216): CodeIgniter\View\View->CodeIgniter\View\{closure}()
 3 SYSTEMPATH\Common.php(1134): CodeIgniter\View\View->render('admin/survei', [], true)
 4 APPPATH\Controllers\Survei.php(13): view('admin/survei', [...])
 5 SYSTEMPATH\CodeIgniter.php(927): App\Controllers\Survei->index()
 6 SYSTEMPATH\CodeIgniter.php(482): CodeIgniter\CodeIgniter->runController(Object(App\Controllers\Survei))
 7 SYSTEMPATH\CodeIgniter.php(351): CodeIgniter\CodeIgniter->handleRequest(null, Object(Config\Cache), false)
 8 FCPATH\index.php(67): CodeIgniter\CodeIgniter->run()
 9 SYSTEMPATH\Commands\Server\rewrite.php(46): require_once('FCPATH\\index.php')
CRITICAL - 2022-11-05 08:30:30 --> Call to undefined method CodeIgniter\Database\MySQLi\Result::countAllResults()
in APPPATH\Views\admin\survei.php on line 18.
 1 SYSTEMPATH\View\View.php(213): include()
 2 SYSTEMPATH\View\View.php(216): CodeIgniter\View\View->CodeIgniter\View\{closure}()
 3 SYSTEMPATH\Common.php(1134): CodeIgniter\View\View->render('admin/survei', [], true)
 4 APPPATH\Controllers\Survei.php(13): view('admin/survei', [...])
 5 SYSTEMPATH\CodeIgniter.php(927): App\Controllers\Survei->index()
 6 SYSTEMPATH\CodeIgniter.php(482): CodeIgniter\CodeIgniter->runController(Object(App\Controllers\Survei))
 7 SYSTEMPATH\CodeIgniter.php(351): CodeIgniter\CodeIgniter->handleRequest(null, Object(Config\Cache), false)
 8 FCPATH\index.php(67): CodeIgniter\CodeIgniter->run()
 9 SYSTEMPATH\Commands\Server\rewrite.php(46): require_once('FCPATH\\index.php')
CRITICAL - 2022-11-05 08:31:42 --> Call to undefined method CodeIgniter\Database\MySQLi\Result::getNum()
in APPPATH\Views\admin\survei.php on line 18.
 1 SYSTEMPATH\View\View.php(213): include()
 2 SYSTEMPATH\View\View.php(216): CodeIgniter\View\View->CodeIgniter\View\{closure}()
 3 SYSTEMPATH\Common.php(1134): CodeIgniter\View\View->render('admin/survei', [], true)
 4 APPPATH\Controllers\Survei.php(13): view('admin/survei', [...])
 5 SYSTEMPATH\CodeIgniter.php(927): App\Controllers\Survei->index()
 6 SYSTEMPATH\CodeIgniter.php(482): CodeIgniter\CodeIgniter->runController(Object(App\Controllers\Survei))
 7 SYSTEMPATH\CodeIgniter.php(351): CodeIgniter\CodeIgniter->handleRequest(null, Object(Config\Cache), false)
 8 FCPATH\index.php(67): CodeIgniter\CodeIgniter->run()
 9 SYSTEMPATH\Commands\Server\rewrite.php(46): require_once('FCPATH\\index.php')
ERROR - 2022-11-05 08:37:50 --> mysqli_sql_exception: Column 'nama' cannot be null in C:\xampp\htdocs\ovib_sisfo\system\Database\MySQLi\Connection.php:292
Stack trace:
#0 C:\xampp\htdocs\ovib_sisfo\system\Database\MySQLi\Connection.php(292): mysqli->query('INSERT INTO `pe...', 0)
#1 C:\xampp\htdocs\ovib_sisfo\system\Database\BaseConnection.php(666): CodeIgniter\Database\MySQLi\Connection->execute('INSERT INTO `pe...')
#2 C:\xampp\htdocs\ovib_sisfo\system\Database\BaseConnection.php(593): CodeIgniter\Database\BaseConnection->simpleQuery('INSERT INTO `pe...')
#3 C:\xampp\htdocs\ovib_sisfo\system\Database\BaseBuilder.php(1916): CodeIgniter\Database\BaseConnection->query('INSERT INTO `pe...', Array, false)
#4 C:\xampp\htdocs\ovib_sisfo\app\Controllers\Survei.php(30): CodeIgniter\Database\BaseBuilder->insert(Array)
#5 C:\xampp\htdocs\ovib_sisfo\system\CodeIgniter.php(927): App\Controllers\Survei->prosessimpan()
#6 C:\xampp\htdocs\ovib_sisfo\system\CodeIgniter.php(482): CodeIgniter\CodeIgniter->runController(Object(App\Controllers\Survei))
#7 C:\xampp\htdocs\ovib_sisfo\system\CodeIgniter.php(351): CodeIgniter\CodeIgniter->handleRequest(NULL, Object(Config\Cache), false)
#8 C:\xampp\htdocs\ovib_sisfo\public\index.php(67): CodeIgniter\CodeIgniter->run()
#9 C:\xampp\htdocs\ovib_sisfo\system\Commands\Server\rewrite.php(46): require_once('C:\\xampp\\htdocs...')
#10 {main}
CRITICAL - 2022-11-05 08:39:29 --> Undefined variable $db
in APPPATH\Controllers\Survei.php on line 30.
 1 APPPATH\Controllers\Survei.php(30): CodeIgniter\Debug\Exceptions->errorHandler(2, 'Undefined variable $db', 'APPPATH\\Controllers\\Survei.php', 30)
 2 SYSTEMPATH\CodeIgniter.php(927): App\Controllers\Survei->prosessimpan()
 3 SYSTEMPATH\CodeIgniter.php(482): CodeIgniter\CodeIgniter->runController(Object(App\Controllers\Survei))
 4 SYSTEMPATH\CodeIgniter.php(351): CodeIgniter\CodeIgniter->handleRequest(null, Object(Config\Cache), false)
 5 FCPATH\index.php(67): CodeIgniter\CodeIgniter->run()
 6 SYSTEMPATH\Commands\Server\rewrite.php(46): require_once('FCPATH\\index.php')
ERROR - 2022-11-05 08:39:41 --> mysqli_sql_exception: Column 'nama' cannot be null in C:\xampp\htdocs\ovib_sisfo\system\Database\MySQLi\Connection.php:292
Stack trace:
#0 C:\xampp\htdocs\ovib_sisfo\system\Database\MySQLi\Connection.php(292): mysqli->query('INSERT INTO `pe...', 0)
#1 C:\xampp\htdocs\ovib_sisfo\system\Database\BaseConnection.php(666): CodeIgniter\Database\MySQLi\Connection->execute('INSERT INTO `pe...')
#2 C:\xampp\htdocs\ovib_sisfo\system\Database\BaseConnection.php(593): CodeIgniter\Database\BaseConnection->simpleQuery('INSERT INTO `pe...')
#3 C:\xampp\htdocs\ovib_sisfo\system\Database\BaseBuilder.php(1916): CodeIgniter\Database\BaseConnection->query('INSERT INTO `pe...', Array, false)
#4 C:\xampp\htdocs\ovib_sisfo\app\Controllers\Survei.php(30): CodeIgniter\Database\BaseBuilder->insert(Array)
#5 C:\xampp\htdocs\ovib_sisfo\system\CodeIgniter.php(927): App\Controllers\Survei->prosessimpan()
#6 C:\xampp\htdocs\ovib_sisfo\system\CodeIgniter.php(482): CodeIgniter\CodeIgniter->runController(Object(App\Controllers\Survei))
#7 C:\xampp\htdocs\ovib_sisfo\system\CodeIgniter.php(351): CodeIgniter\CodeIgniter->handleRequest(NULL, Object(Config\Cache), false)
#8 C:\xampp\htdocs\ovib_sisfo\public\index.php(67): CodeIgniter\CodeIgniter->run()
#9 C:\xampp\htdocs\ovib_sisfo\system\Commands\Server\rewrite.php(46): require_once('C:\\xampp\\htdocs...')
#10 {main}
ERROR - 2022-11-05 08:41:18 --> mysqli_sql_exception: Column 'nama' cannot be null in C:\xampp\htdocs\ovib_sisfo\system\Database\MySQLi\Connection.php:292
Stack trace:
#0 C:\xampp\htdocs\ovib_sisfo\system\Database\MySQLi\Connection.php(292): mysqli->query('INSERT INTO `pe...', 0)
#1 C:\xampp\htdocs\ovib_sisfo\system\Database\BaseConnection.php(666): CodeIgniter\Database\MySQLi\Connection->execute('INSERT INTO `pe...')
#2 C:\xampp\htdocs\ovib_sisfo\system\Database\BaseConnection.php(593): CodeIgniter\Database\BaseConnection->simpleQuery('INSERT INTO `pe...')
#3 C:\xampp\htdocs\ovib_sisfo\system\Database\BaseBuilder.php(1916): CodeIgniter\Database\BaseConnection->query('INSERT INTO `pe...', Array, false)
#4 C:\xampp\htdocs\ovib_sisfo\app\Controllers\Survei.php(31): CodeIgniter\Database\BaseBuilder->insert(Array)
#5 C:\xampp\htdocs\ovib_sisfo\system\CodeIgniter.php(927): App\Controllers\Survei->prosessimpan()
#6 C:\xampp\htdocs\ovib_sisfo\system\CodeIgniter.php(482): CodeIgniter\CodeIgniter->runController(Object(App\Controllers\Survei))
#7 C:\xampp\htdocs\ovib_sisfo\system\CodeIgniter.php(351): CodeIgniter\CodeIgniter->handleRequest(NULL, Object(Config\Cache), false)
#8 C:\xampp\htdocs\ovib_sisfo\public\index.php(67): CodeIgniter\CodeIgniter->run()
#9 C:\xampp\htdocs\ovib_sisfo\system\Commands\Server\rewrite.php(46): require_once('C:\\xampp\\htdocs...')
#10 {main}
CRITICAL - 2022-11-05 09:24:10 --> Invalid file: admin/jalan.php
in SYSTEMPATH\Exceptions\FrameworkException.php on line 33.
 1 SYSTEMPATH\View\View.php(201): CodeIgniter\Exceptions\FrameworkException::forInvalidFile('admin/jalan.php')
 2 SYSTEMPATH\Common.php(1134): CodeIgniter\View\View->render('admin/jalan', [], true)
 3 APPPATH\Controllers\Jalan.php(14): view('admin/jalan', [...])
 4 SYSTEMPATH\CodeIgniter.php(927): App\Controllers\Jalan->index()
 5 SYSTEMPATH\CodeIgniter.php(482): CodeIgniter\CodeIgniter->runController(Object(App\Controllers\Jalan))
 6 SYSTEMPATH\CodeIgniter.php(351): CodeIgniter\CodeIgniter->handleRequest(null, Object(Config\Cache), false)
 7 FCPATH\index.php(67): CodeIgniter\CodeIgniter->run()
 8 SYSTEMPATH\Commands\Server\rewrite.php(46): require_once('FCPATH\\index.php')
ERROR - 2022-11-05 09:28:51 --> mysqli_sql_exception: Column 'km' cannot be null in C:\xampp\htdocs\ovib_sisfo\system\Database\MySQLi\Connection.php:292
Stack trace:
#0 C:\xampp\htdocs\ovib_sisfo\system\Database\MySQLi\Connection.php(292): mysqli->query('INSERT INTO `ja...', 0)
#1 C:\xampp\htdocs\ovib_sisfo\system\Database\BaseConnection.php(666): CodeIgniter\Database\MySQLi\Connection->execute('INSERT INTO `ja...')
#2 C:\xampp\htdocs\ovib_sisfo\system\Database\BaseConnection.php(593): CodeIgniter\Database\BaseConnection->simpleQuery('INSERT INTO `ja...')
#3 C:\xampp\htdocs\ovib_sisfo\system\Database\BaseBuilder.php(1916): CodeIgniter\Database\BaseConnection->query('INSERT INTO `ja...', Array, false)
#4 C:\xampp\htdocs\ovib_sisfo\app\Models\Jalanmodel.php(8): CodeIgniter\Database\BaseBuilder->insert(Array)
#5 C:\xampp\htdocs\ovib_sisfo\app\Controllers\Jalan.php(29): App\Models\Jalanmodel->saveData(Array)
#6 C:\xampp\htdocs\ovib_sisfo\system\CodeIgniter.php(927): App\Controllers\Jalan->prosessimpan()
#7 C:\xampp\htdocs\ovib_sisfo\system\CodeIgniter.php(482): CodeIgniter\CodeIgniter->runController(Object(App\Controllers\Jalan))
#8 C:\xampp\htdocs\ovib_sisfo\system\CodeIgniter.php(351): CodeIgniter\CodeIgniter->handleRequest(NULL, Object(Config\Cache), false)
#9 C:\xampp\htdocs\ovib_sisfo\public\index.php(67): CodeIgniter\CodeIgniter->run()
#10 C:\xampp\htdocs\ovib_sisfo\system\Commands\Server\rewrite.php(46): require_once('C:\\xampp\\htdocs...')
#11 {main}
CRITICAL - 2022-11-05 09:29:25 --> Undefined property: stdClass::$nama
in APPPATH\Views\admin\jalan.php on line 76.
 1 APPPATH\Views\admin\jalan.php(76): CodeIgniter\Debug\Exceptions->errorHandler(2, 'Undefined property: stdClass::$nama', 'APPPATH\\Views\\admin\\jalan.php', 76)
 2 SYSTEMPATH\View\View.php(213): include('APPPATH\\Views\\admin\\jalan.php')
 3 SYSTEMPATH\View\View.php(216): CodeIgniter\View\View->CodeIgniter\View\{closure}()
 4 SYSTEMPATH\Common.php(1134): CodeIgniter\View\View->render('admin/jalan', [], true)
 5 APPPATH\Controllers\Jalan.php(14): view('admin/jalan', [...])
 6 SYSTEMPATH\CodeIgniter.php(927): App\Controllers\Jalan->index()
 7 SYSTEMPATH\CodeIgniter.php(482): CodeIgniter\CodeIgniter->runController(Object(App\Controllers\Jalan))
 8 SYSTEMPATH\CodeIgniter.php(351): CodeIgniter\CodeIgniter->handleRequest(null, Object(Config\Cache), false)
 9 FCPATH\index.php(67): CodeIgniter\CodeIgniter->run()
10 SYSTEMPATH\Commands\Server\rewrite.php(46): require_once('FCPATH\\index.php')
CRITICAL - 2022-11-05 09:29:36 --> Undefined property: stdClass::$nama
in APPPATH\Views\admin\jalan.php on line 144.
 1 APPPATH\Views\admin\jalan.php(144): CodeIgniter\Debug\Exceptions->errorHandler(2, 'Undefined property: stdClass::$nama', 'APPPATH\\Views\\admin\\jalan.php', 144)
 2 SYSTEMPATH\View\View.php(213): include('APPPATH\\Views\\admin\\jalan.php')
 3 SYSTEMPATH\View\View.php(216): CodeIgniter\View\View->CodeIgniter\View\{closure}()
 4 SYSTEMPATH\Common.php(1134): CodeIgniter\View\View->render('admin/jalan', [], true)
 5 APPPATH\Controllers\Jalan.php(14): view('admin/jalan', [...])
 6 SYSTEMPATH\CodeIgniter.php(927): App\Controllers\Jalan->index()
 7 SYSTEMPATH\CodeIgniter.php(482): CodeIgniter\CodeIgniter->runController(Object(App\Controllers\Jalan))
 8 SYSTEMPATH\CodeIgniter.php(351): CodeIgniter\CodeIgniter->handleRequest(null, Object(Config\Cache), false)
 9 FCPATH\index.php(67): CodeIgniter\CodeIgniter->run()
10 SYSTEMPATH\Commands\Server\rewrite.php(46): require_once('FCPATH\\index.php')
ERROR - 2022-11-05 09:38:35 --> mysqli_sql_exception: Table 'ovib.jalar' doesn't exist in C:\xampp\htdocs\ovib_sisfo\system\Database\MySQLi\Connection.php:292
Stack trace:
#0 C:\xampp\htdocs\ovib_sisfo\system\Database\MySQLi\Connection.php(292): mysqli->query('select * from j...', 0)
#1 C:\xampp\htdocs\ovib_sisfo\system\Database\BaseConnection.php(666): CodeIgniter\Database\MySQLi\Connection->execute('select * from j...')
#2 C:\xampp\htdocs\ovib_sisfo\system\Database\BaseConnection.php(593): CodeIgniter\Database\BaseConnection->simpleQuery('select * from j...')
#3 C:\xampp\htdocs\ovib_sisfo\app\Controllers\Pekerjaan.php(13): CodeIgniter\Database\BaseConnection->query('select * from j...')
#4 C:\xampp\htdocs\ovib_sisfo\system\CodeIgniter.php(927): App\Controllers\Pekerjaan->index()
#5 C:\xampp\htdocs\ovib_sisfo\system\CodeIgniter.php(482): CodeIgniter\CodeIgniter->runController(Object(App\Controllers\Pekerjaan))
#6 C:\xampp\htdocs\ovib_sisfo\system\CodeIgniter.php(351): CodeIgniter\CodeIgniter->handleRequest(NULL, Object(Config\Cache), false)
#7 C:\xampp\htdocs\ovib_sisfo\public\index.php(67): CodeIgniter\CodeIgniter->run()
#8 C:\xampp\htdocs\ovib_sisfo\system\Commands\Server\rewrite.php(46): require_once('C:\\xampp\\htdocs...')
#9 {main}
CRITICAL - 2022-11-05 09:38:35 --> Call to a member function getResult() on bool
in APPPATH\Controllers\Pekerjaan.php on line 13.
 1 SYSTEMPATH\CodeIgniter.php(927): App\Controllers\Pekerjaan->index()
 2 SYSTEMPATH\CodeIgniter.php(482): CodeIgniter\CodeIgniter->runController(Object(App\Controllers\Pekerjaan))
 3 SYSTEMPATH\CodeIgniter.php(351): CodeIgniter\CodeIgniter->handleRequest(null, Object(Config\Cache), false)
 4 FCPATH\index.php(67): CodeIgniter\CodeIgniter->run()
 5 SYSTEMPATH\Commands\Server\rewrite.php(46): require_once('FCPATH\\index.php')
CRITICAL - 2022-11-05 09:38:51 --> Undefined variable $kode
in APPPATH\Views\admin\pekerjaan.php on line 86.
 1 APPPATH\Views\admin\pekerjaan.php(86): CodeIgniter\Debug\Exceptions->errorHandler(2, 'Undefined variable $kode', 'APPPATH\\Views\\admin\\pekerjaan.php', 86)
 2 SYSTEMPATH\View\View.php(213): include('APPPATH\\Views\\admin\\pekerjaan.php')
 3 SYSTEMPATH\View\View.php(216): CodeIgniter\View\View->CodeIgniter\View\{closure}()
 4 SYSTEMPATH\Common.php(1134): CodeIgniter\View\View->render('admin/pekerjaan', [], true)
 5 APPPATH\Controllers\Pekerjaan.php(14): view('admin/pekerjaan', [...])
 6 SYSTEMPATH\CodeIgniter.php(927): App\Controllers\Pekerjaan->index()
 7 SYSTEMPATH\CodeIgniter.php(482): CodeIgniter\CodeIgniter->runController(Object(App\Controllers\Pekerjaan))
 8 SYSTEMPATH\CodeIgniter.php(351): CodeIgniter\CodeIgniter->handleRequest(null, Object(Config\Cache), false)
 9 FCPATH\index.php(67): CodeIgniter\CodeIgniter->run()
10 SYSTEMPATH\Commands\Server\rewrite.php(46): require_once('FCPATH\\index.php')
ERROR - 2022-11-05 09:47:52 --> mysqli_sql_exception: Unknown column 'indiaktor' in 'where clause' in C:\xampp\htdocs\ovib_sisfo\system\Database\MySQLi\Connection.php:292
Stack trace:
#0 C:\xampp\htdocs\ovib_sisfo\system\Database\MySQLi\Connection.php(292): mysqli->query('select * from i...', 0)
#1 C:\xampp\htdocs\ovib_sisfo\system\Database\BaseConnection.php(666): CodeIgniter\Database\MySQLi\Connection->execute('select * from i...')
#2 C:\xampp\htdocs\ovib_sisfo\system\Database\BaseConnection.php(593): CodeIgniter\Database\BaseConnection->simpleQuery('select * from i...')
#3 C:\xampp\htdocs\ovib_sisfo\app\Views\admin\pekerjaan.php(62): CodeIgniter\Database\BaseConnection->query('select * from i...')
#4 C:\xampp\htdocs\ovib_sisfo\system\View\View.php(213): include('C:\\xampp\\htdocs...')
#5 C:\xampp\htdocs\ovib_sisfo\system\View\View.php(216): CodeIgniter\View\View->CodeIgniter\View\{closure}()
#6 C:\xampp\htdocs\ovib_sisfo\system\Common.php(1134): CodeIgniter\View\View->render('admin/pekerjaan', Array, true)
#7 C:\xampp\htdocs\ovib_sisfo\app\Controllers\Pekerjaan.php(14): view('admin/pekerjaan', Array)
#8 C:\xampp\htdocs\ovib_sisfo\system\CodeIgniter.php(927): App\Controllers\Pekerjaan->index()
#9 C:\xampp\htdocs\ovib_sisfo\system\CodeIgniter.php(482): CodeIgniter\CodeIgniter->runController(Object(App\Controllers\Pekerjaan))
#10 C:\xampp\htdocs\ovib_sisfo\system\CodeIgniter.php(351): CodeIgniter\CodeIgniter->handleRequest(NULL, Object(Config\Cache), false)
#11 C:\xampp\htdocs\ovib_sisfo\public\index.php(67): CodeIgniter\CodeIgniter->run()
#12 C:\xampp\htdocs\ovib_sisfo\system\Commands\Server\rewrite.php(46): require_once('C:\\xampp\\htdocs...')
#13 {main}
CRITICAL - 2022-11-05 09:47:52 --> Call to a member function getResult() on bool
in APPPATH\Views\admin\pekerjaan.php on line 62.
 1 SYSTEMPATH\View\View.php(213): include()
 2 SYSTEMPATH\View\View.php(216): CodeIgniter\View\View->CodeIgniter\View\{closure}()
 3 SYSTEMPATH\Common.php(1134): CodeIgniter\View\View->render('admin/pekerjaan', [], true)
 4 APPPATH\Controllers\Pekerjaan.php(14): view('admin/pekerjaan', [...])
 5 SYSTEMPATH\CodeIgniter.php(927): App\Controllers\Pekerjaan->index()
 6 SYSTEMPATH\CodeIgniter.php(482): CodeIgniter\CodeIgniter->runController(Object(App\Controllers\Pekerjaan))
 7 SYSTEMPATH\CodeIgniter.php(351): CodeIgniter\CodeIgniter->handleRequest(null, Object(Config\Cache), false)
 8 FCPATH\index.php(67): CodeIgniter\CodeIgniter->run()
 9 SYSTEMPATH\Commands\Server\rewrite.php(46): require_once('FCPATH\\index.php')
ERROR - 2022-11-05 09:48:46 --> mysqli_sql_exception: Unknown column 'indiaktor' in 'where clause' in C:\xampp\htdocs\ovib_sisfo\system\Database\MySQLi\Connection.php:292
Stack trace:
#0 C:\xampp\htdocs\ovib_sisfo\system\Database\MySQLi\Connection.php(292): mysqli->query('select * from i...', 0)
#1 C:\xampp\htdocs\ovib_sisfo\system\Database\BaseConnection.php(666): CodeIgniter\Database\MySQLi\Connection->execute('select * from i...')
#2 C:\xampp\htdocs\ovib_sisfo\system\Database\BaseConnection.php(593): CodeIgniter\Database\BaseConnection->simpleQuery('select * from i...')
#3 C:\xampp\htdocs\ovib_sisfo\app\Views\admin\pekerjaan.php(62): CodeIgniter\Database\BaseConnection->query('select * from i...')
#4 C:\xampp\htdocs\ovib_sisfo\system\View\View.php(213): include('C:\\xampp\\htdocs...')
#5 C:\xampp\htdocs\ovib_sisfo\system\View\View.php(216): CodeIgniter\View\View->CodeIgniter\View\{closure}()
#6 C:\xampp\htdocs\ovib_sisfo\system\Common.php(1134): CodeIgniter\View\View->render('admin/pekerjaan', Array, true)
#7 C:\xampp\htdocs\ovib_sisfo\app\Controllers\Pekerjaan.php(14): view('admin/pekerjaan', Array)
#8 C:\xampp\htdocs\ovib_sisfo\system\CodeIgniter.php(927): App\Controllers\Pekerjaan->index()
#9 C:\xampp\htdocs\ovib_sisfo\system\CodeIgniter.php(482): CodeIgniter\CodeIgniter->runController(Object(App\Controllers\Pekerjaan))
#10 C:\xampp\htdocs\ovib_sisfo\system\CodeIgniter.php(351): CodeIgniter\CodeIgniter->handleRequest(NULL, Object(Config\Cache), false)
#11 C:\xampp\htdocs\ovib_sisfo\public\index.php(67): CodeIgniter\CodeIgniter->run()
#12 C:\xampp\htdocs\ovib_sisfo\system\Commands\Server\rewrite.php(46): require_once('C:\\xampp\\htdocs...')
#13 {main}
CRITICAL - 2022-11-05 09:48:46 --> Call to a member function getResult() on bool
in APPPATH\Views\admin\pekerjaan.php on line 62.
 1 SYSTEMPATH\View\View.php(213): include()
 2 SYSTEMPATH\View\View.php(216): CodeIgniter\View\View->CodeIgniter\View\{closure}()
 3 SYSTEMPATH\Common.php(1134): CodeIgniter\View\View->render('admin/pekerjaan', [], true)
 4 APPPATH\Controllers\Pekerjaan.php(14): view('admin/pekerjaan', [...])
 5 SYSTEMPATH\CodeIgniter.php(927): App\Controllers\Pekerjaan->index()
 6 SYSTEMPATH\CodeIgniter.php(482): CodeIgniter\CodeIgniter->runController(Object(App\Controllers\Pekerjaan))
 7 SYSTEMPATH\CodeIgniter.php(351): CodeIgniter\CodeIgniter->handleRequest(null, Object(Config\Cache), false)
 8 FCPATH\index.php(67): CodeIgniter\CodeIgniter->run()
 9 SYSTEMPATH\Commands\Server\rewrite.php(46): require_once('FCPATH\\index.php')
CRITICAL - 2022-11-05 10:00:14 --> Invalid file: admin/laporan.php
in SYSTEMPATH\Exceptions\FrameworkException.php on line 33.
 1 SYSTEMPATH\View\View.php(201): CodeIgniter\Exceptions\FrameworkException::forInvalidFile('admin/laporan.php')
 2 SYSTEMPATH\Common.php(1134): CodeIgniter\View\View->render('admin/laporan', [], true)
 3 APPPATH\Controllers\Laporan.php(12): view('admin/laporan')
 4 SYSTEMPATH\CodeIgniter.php(927): App\Controllers\Laporan->index()
 5 SYSTEMPATH\CodeIgniter.php(482): CodeIgniter\CodeIgniter->runController(Object(App\Controllers\Laporan))
 6 SYSTEMPATH\CodeIgniter.php(351): CodeIgniter\CodeIgniter->handleRequest(null, Object(Config\Cache), false)
 7 FCPATH\index.php(67): CodeIgniter\CodeIgniter->run()
 8 SYSTEMPATH\Commands\Server\rewrite.php(46): require_once('FCPATH\\index.php')
CRITICAL - 2022-11-05 10:01:05 --> Undefined variable $data
in APPPATH\Views\admin\laporan.php on line 51.
 1 APPPATH\Views\admin\laporan.php(51): CodeIgniter\Debug\Exceptions->errorHandler(2, 'Undefined variable $data', 'APPPATH\\Views\\admin\\laporan.php', 51)
 2 SYSTEMPATH\View\View.php(213): include('APPPATH\\Views\\admin\\laporan.php')
 3 SYSTEMPATH\View\View.php(216): CodeIgniter\View\View->CodeIgniter\View\{closure}()
 4 SYSTEMPATH\Common.php(1134): CodeIgniter\View\View->render('admin/laporan', [], true)
 5 APPPATH\Controllers\Laporan.php(12): view('admin/laporan')
 6 SYSTEMPATH\CodeIgniter.php(927): App\Controllers\Laporan->index()
 7 SYSTEMPATH\CodeIgniter.php(482): CodeIgniter\CodeIgniter->runController(Object(App\Controllers\Laporan))
 8 SYSTEMPATH\CodeIgniter.php(351): CodeIgniter\CodeIgniter->handleRequest(null, Object(Config\Cache), false)
 9 FCPATH\index.php(67): CodeIgniter\CodeIgniter->run()
10 SYSTEMPATH\Commands\Server\rewrite.php(46): require_once('FCPATH\\index.php')
