CRITICAL - 2022-11-15 01:57:13 --> Constant expression contains invalid operations
in APPPATH\Controllers\Root.php on line 6.
 1 [internal function]: CodeIgniter\Debug\Exceptions->shutdownHandler()
CRITICAL - 2022-11-15 01:57:55 --> Constant expression contains invalid operations
in APPPATH\Controllers\Root.php on line 6.
 1 [internal function]: CodeIgniter\Debug\Exceptions->shutdownHandler()
CRITICAL - 2022-11-15 01:58:09 --> Constant expression contains invalid operations
in APPPATH\Controllers\Root.php on line 6.
 1 [internal function]: CodeIgniter\Debug\Exceptions->shutdownHandler()
CRITICAL - 2022-11-15 01:58:10 --> Constant expression contains invalid operations
in APPPATH\Controllers\Root.php on line 6.
 1 [internal function]: CodeIgniter\Debug\Exceptions->shutdownHandler()
CRITICAL - 2022-11-15 01:58:10 --> Constant expression contains invalid operations
in APPPATH\Controllers\Root.php on line 6.
 1 [internal function]: CodeIgniter\Debug\Exceptions->shutdownHandler()
CRITICAL - 2022-11-15 01:58:10 --> Constant expression contains invalid operations
in APPPATH\Controllers\Root.php on line 6.
 1 [internal function]: CodeIgniter\Debug\Exceptions->shutdownHandler()
CRITICAL - 2022-11-15 01:58:10 --> Constant expression contains invalid operations
in APPPATH\Controllers\Root.php on line 6.
 1 [internal function]: CodeIgniter\Debug\Exceptions->shutdownHandler()
CRITICAL - 2022-11-15 01:58:11 --> Constant expression contains invalid operations
in APPPATH\Controllers\Root.php on line 6.
 1 [internal function]: CodeIgniter\Debug\Exceptions->shutdownHandler()
CRITICAL - 2022-11-15 07:09:31 --> Invalid file: sanksi.php
in SYSTEMPATH\Exceptions\FrameworkException.php on line 33.
 1 SYSTEMPATH\View\View.php(201): CodeIgniter\Exceptions\FrameworkException::forInvalidFile('sanksi.php')
 2 SYSTEMPATH\Common.php(1134): CodeIgniter\View\View->render('sanksi', [], true)
 3 APPPATH\Controllers\Sanksi.php(10): view('sanksi', [...])
 4 SYSTEMPATH\CodeIgniter.php(927): App\Controllers\Sanksi->index()
 5 SYSTEMPATH\CodeIgniter.php(482): CodeIgniter\CodeIgniter->runController(Object(App\Controllers\Sanksi))
 6 SYSTEMPATH\CodeIgniter.php(351): CodeIgniter\CodeIgniter->handleRequest(null, Object(Config\Cache), false)
 7 FCPATH\index.php(67): CodeIgniter\CodeIgniter->run()
 8 SYSTEMPATH\Commands\Server\rewrite.php(46): require_once('FCPATH\\index.php')
CRITICAL - 2022-11-15 07:36:48 --> Invalid file: sanksibaru.php
in SYSTEMPATH\Exceptions\FrameworkException.php on line 33.
 1 SYSTEMPATH\View\View.php(201): CodeIgniter\Exceptions\FrameworkException::forInvalidFile('sanksibaru.php')
 2 SYSTEMPATH\Common.php(1134): CodeIgniter\View\View->render('sanksibaru', [], true)
 3 APPPATH\Controllers\Sanksi.php(17): view('sanksibaru')
 4 SYSTEMPATH\CodeIgniter.php(927): App\Controllers\Sanksi->tambahdata()
 5 SYSTEMPATH\CodeIgniter.php(482): CodeIgniter\CodeIgniter->runController(Object(App\Controllers\Sanksi))
 6 SYSTEMPATH\CodeIgniter.php(351): CodeIgniter\CodeIgniter->handleRequest(null, Object(Config\Cache), false)
 7 FCPATH\index.php(67): CodeIgniter\CodeIgniter->run()
 8 SYSTEMPATH\Commands\Server\rewrite.php(46): require_once('FCPATH\\index.php')
CRITICAL - 2022-11-15 07:51:33 --> Invalid file: sanksidetail.php
in SYSTEMPATH\Exceptions\FrameworkException.php on line 33.
 1 SYSTEMPATH\View\View.php(201): CodeIgniter\Exceptions\FrameworkException::forInvalidFile('sanksidetail.php')
 2 SYSTEMPATH\Common.php(1134): CodeIgniter\View\View->render('sanksidetail', [], true)
 3 APPPATH\Controllers\Sanksi.php(34): view('sanksidetail', [...])
 4 SYSTEMPATH\CodeIgniter.php(927): App\Controllers\Sanksi->detaildata('2')
 5 SYSTEMPATH\CodeIgniter.php(482): CodeIgniter\CodeIgniter->runController(Object(App\Controllers\Sanksi))
 6 SYSTEMPATH\CodeIgniter.php(351): CodeIgniter\CodeIgniter->handleRequest(null, Object(Config\Cache), false)
 7 FCPATH\index.php(67): CodeIgniter\CodeIgniter->run()
 8 SYSTEMPATH\Commands\Server\rewrite.php(46): require_once('FCPATH\\index.php')
CRITICAL - 2022-11-15 07:52:36 --> Undefined array key "idsanksi"
in APPPATH\Views\sanksidetail.php on line 31.
 1 APPPATH\Views\sanksidetail.php(31): CodeIgniter\Debug\Exceptions->errorHandler(2, 'Undefined array key "idsanksi"', 'APPPATH\\Views\\sanksidetail.php', 31)
 2 SYSTEMPATH\View\View.php(213): include('APPPATH\\Views\\sanksidetail.php')
 3 SYSTEMPATH\View\View.php(216): CodeIgniter\View\View->CodeIgniter\View\{closure}()
 4 SYSTEMPATH\Common.php(1134): CodeIgniter\View\View->render('sanksidetail', [], true)
 5 APPPATH\Controllers\Sanksi.php(34): view('sanksidetail', [...])
 6 SYSTEMPATH\CodeIgniter.php(927): App\Controllers\Sanksi->detaildata('2')
 7 SYSTEMPATH\CodeIgniter.php(482): CodeIgniter\CodeIgniter->runController(Object(App\Controllers\Sanksi))
 8 SYSTEMPATH\CodeIgniter.php(351): CodeIgniter\CodeIgniter->handleRequest(null, Object(Config\Cache), false)
 9 FCPATH\index.php(67): CodeIgniter\CodeIgniter->run()
10 SYSTEMPATH\Commands\Server\rewrite.php(46): require_once('FCPATH\\index.php')
CRITICAL - 2022-11-15 07:53:57 --> Undefined array key "idsanksi"
in APPPATH\Views\sanksidetail.php on line 31.
 1 APPPATH\Views\sanksidetail.php(31): CodeIgniter\Debug\Exceptions->errorHandler(2, 'Undefined array key "idsanksi"', 'APPPATH\\Views\\sanksidetail.php', 31)
 2 SYSTEMPATH\View\View.php(213): include('APPPATH\\Views\\sanksidetail.php')
 3 SYSTEMPATH\View\View.php(216): CodeIgniter\View\View->CodeIgniter\View\{closure}()
 4 SYSTEMPATH\Common.php(1134): CodeIgniter\View\View->render('sanksidetail', [], true)
 5 APPPATH\Controllers\Sanksi.php(34): view('sanksidetail', [...])
 6 SYSTEMPATH\CodeIgniter.php(927): App\Controllers\Sanksi->detaildata('2')
 7 SYSTEMPATH\CodeIgniter.php(482): CodeIgniter\CodeIgniter->runController(Object(App\Controllers\Sanksi))
 8 SYSTEMPATH\CodeIgniter.php(351): CodeIgniter\CodeIgniter->handleRequest(null, Object(Config\Cache), false)
 9 FCPATH\index.php(67): CodeIgniter\CodeIgniter->run()
10 SYSTEMPATH\Commands\Server\rewrite.php(46): require_once('FCPATH\\index.php')
CRITICAL - 2022-11-15 07:54:06 --> Undefined array key "idsanksi"
in APPPATH\Views\sanksidetail.php on line 31.
 1 APPPATH\Views\sanksidetail.php(31): CodeIgniter\Debug\Exceptions->errorHandler(2, 'Undefined array key "idsanksi"', 'APPPATH\\Views\\sanksidetail.php', 31)
 2 SYSTEMPATH\View\View.php(213): include('APPPATH\\Views\\sanksidetail.php')
 3 SYSTEMPATH\View\View.php(216): CodeIgniter\View\View->CodeIgniter\View\{closure}()
 4 SYSTEMPATH\Common.php(1134): CodeIgniter\View\View->render('sanksidetail', [], true)
 5 APPPATH\Controllers\Sanksi.php(34): view('sanksidetail', [...])
 6 SYSTEMPATH\CodeIgniter.php(927): App\Controllers\Sanksi->detaildata('2')
 7 SYSTEMPATH\CodeIgniter.php(482): CodeIgniter\CodeIgniter->runController(Object(App\Controllers\Sanksi))
 8 SYSTEMPATH\CodeIgniter.php(351): CodeIgniter\CodeIgniter->handleRequest(null, Object(Config\Cache), false)
 9 FCPATH\index.php(67): CodeIgniter\CodeIgniter->run()
10 SYSTEMPATH\Commands\Server\rewrite.php(46): require_once('FCPATH\\index.php')
CRITICAL - 2022-11-15 07:54:29 --> Undefined array key "sanksi"
in APPPATH\Views\sanksidetail.php on line 35.
 1 APPPATH\Views\sanksidetail.php(35): CodeIgniter\Debug\Exceptions->errorHandler(2, 'Undefined array key "sanksi"', 'APPPATH\\Views\\sanksidetail.php', 35)
 2 SYSTEMPATH\View\View.php(213): include('APPPATH\\Views\\sanksidetail.php')
 3 SYSTEMPATH\View\View.php(216): CodeIgniter\View\View->CodeIgniter\View\{closure}()
 4 SYSTEMPATH\Common.php(1134): CodeIgniter\View\View->render('sanksidetail', [], true)
 5 APPPATH\Controllers\Sanksi.php(34): view('sanksidetail', [...])
 6 SYSTEMPATH\CodeIgniter.php(927): App\Controllers\Sanksi->detaildata('2')
 7 SYSTEMPATH\CodeIgniter.php(482): CodeIgniter\CodeIgniter->runController(Object(App\Controllers\Sanksi))
 8 SYSTEMPATH\CodeIgniter.php(351): CodeIgniter\CodeIgniter->handleRequest(null, Object(Config\Cache), false)
 9 FCPATH\index.php(67): CodeIgniter\CodeIgniter->run()
10 SYSTEMPATH\Commands\Server\rewrite.php(46): require_once('FCPATH\\index.php')
CRITICAL - 2022-11-15 07:54:41 --> Undefined array key "batas"
in APPPATH\Views\sanksidetail.php on line 39.
 1 APPPATH\Views\sanksidetail.php(39): CodeIgniter\Debug\Exceptions->errorHandler(2, 'Undefined array key "batas"', 'APPPATH\\Views\\sanksidetail.php', 39)
 2 SYSTEMPATH\View\View.php(213): include('APPPATH\\Views\\sanksidetail.php')
 3 SYSTEMPATH\View\View.php(216): CodeIgniter\View\View->CodeIgniter\View\{closure}()
 4 SYSTEMPATH\Common.php(1134): CodeIgniter\View\View->render('sanksidetail', [], true)
 5 APPPATH\Controllers\Sanksi.php(34): view('sanksidetail', [...])
 6 SYSTEMPATH\CodeIgniter.php(927): App\Controllers\Sanksi->detaildata('2')
 7 SYSTEMPATH\CodeIgniter.php(482): CodeIgniter\CodeIgniter->runController(Object(App\Controllers\Sanksi))
 8 SYSTEMPATH\CodeIgniter.php(351): CodeIgniter\CodeIgniter->handleRequest(null, Object(Config\Cache), false)
 9 FCPATH\index.php(67): CodeIgniter\CodeIgniter->run()
10 SYSTEMPATH\Commands\Server\rewrite.php(46): require_once('FCPATH\\index.php')
CRITICAL - 2022-11-15 07:54:48 --> Undefined array key "batas"
in APPPATH\Views\sanksidetail.php on line 39.
 1 APPPATH\Views\sanksidetail.php(39): CodeIgniter\Debug\Exceptions->errorHandler(2, 'Undefined array key "batas"', 'APPPATH\\Views\\sanksidetail.php', 39)
 2 SYSTEMPATH\View\View.php(213): include('APPPATH\\Views\\sanksidetail.php')
 3 SYSTEMPATH\View\View.php(216): CodeIgniter\View\View->CodeIgniter\View\{closure}()
 4 SYSTEMPATH\Common.php(1134): CodeIgniter\View\View->render('sanksidetail', [], true)
 5 APPPATH\Controllers\Sanksi.php(34): view('sanksidetail', [...])
 6 SYSTEMPATH\CodeIgniter.php(927): App\Controllers\Sanksi->detaildata('2')
 7 SYSTEMPATH\CodeIgniter.php(482): CodeIgniter\CodeIgniter->runController(Object(App\Controllers\Sanksi))
 8 SYSTEMPATH\CodeIgniter.php(351): CodeIgniter\CodeIgniter->handleRequest(null, Object(Config\Cache), false)
 9 FCPATH\index.php(67): CodeIgniter\CodeIgniter->run()
10 SYSTEMPATH\Commands\Server\rewrite.php(46): require_once('FCPATH\\index.php')
CRITICAL - 2022-11-15 07:57:23 --> Invalid file: siswa.php
in SYSTEMPATH\Exceptions\FrameworkException.php on line 33.
 1 SYSTEMPATH\View\View.php(201): CodeIgniter\Exceptions\FrameworkException::forInvalidFile('siswa.php')
 2 SYSTEMPATH\Common.php(1134): CodeIgniter\View\View->render('siswa', [], true)
 3 APPPATH\Controllers\Siswa.php(10): view('siswa', [...])
 4 SYSTEMPATH\CodeIgniter.php(927): App\Controllers\Siswa->index()
 5 SYSTEMPATH\CodeIgniter.php(482): CodeIgniter\CodeIgniter->runController(Object(App\Controllers\Siswa))
 6 SYSTEMPATH\CodeIgniter.php(351): CodeIgniter\CodeIgniter->handleRequest(null, Object(Config\Cache), false)
 7 FCPATH\index.php(67): CodeIgniter\CodeIgniter->run()
 8 SYSTEMPATH\Commands\Server\rewrite.php(46): require_once('FCPATH\\index.php')
CRITICAL - 2022-11-15 07:58:31 --> Invalid file: siswa.php
in SYSTEMPATH\Exceptions\FrameworkException.php on line 33.
 1 SYSTEMPATH\View\View.php(201): CodeIgniter\Exceptions\FrameworkException::forInvalidFile('siswa.php')
 2 SYSTEMPATH\Common.php(1134): CodeIgniter\View\View->render('siswa', [], true)
 3 APPPATH\Controllers\Siswa.php(10): view('siswa', [...])
 4 SYSTEMPATH\CodeIgniter.php(927): App\Controllers\Siswa->index()
 5 SYSTEMPATH\CodeIgniter.php(482): CodeIgniter\CodeIgniter->runController(Object(App\Controllers\Siswa))
 6 SYSTEMPATH\CodeIgniter.php(351): CodeIgniter\CodeIgniter->handleRequest(null, Object(Config\Cache), false)
 7 FCPATH\index.php(67): CodeIgniter\CodeIgniter->run()
 8 SYSTEMPATH\Commands\Server\rewrite.php(46): require_once('FCPATH\\index.php')
CRITICAL - 2022-11-15 08:01:19 --> Invalid file: siswabaru.php
in SYSTEMPATH\Exceptions\FrameworkException.php on line 33.
 1 SYSTEMPATH\View\View.php(201): CodeIgniter\Exceptions\FrameworkException::forInvalidFile('siswabaru.php')
 2 SYSTEMPATH\Common.php(1134): CodeIgniter\View\View->render('siswabaru', [], true)
 3 APPPATH\Controllers\Siswa.php(17): view('siswabaru')
 4 SYSTEMPATH\CodeIgniter.php(927): App\Controllers\Siswa->tambahdata()
 5 SYSTEMPATH\CodeIgniter.php(482): CodeIgniter\CodeIgniter->runController(Object(App\Controllers\Siswa))
 6 SYSTEMPATH\CodeIgniter.php(351): CodeIgniter\CodeIgniter->handleRequest(null, Object(Config\Cache), false)
 7 FCPATH\index.php(67): CodeIgniter\CodeIgniter->run()
 8 SYSTEMPATH\Commands\Server\rewrite.php(46): require_once('FCPATH\\index.php')
CRITICAL - 2022-11-15 08:14:24 --> Invalid file: siswadetail.php
in SYSTEMPATH\Exceptions\FrameworkException.php on line 33.
 1 SYSTEMPATH\View\View.php(201): CodeIgniter\Exceptions\FrameworkException::forInvalidFile('siswadetail.php')
 2 SYSTEMPATH\Common.php(1134): CodeIgniter\View\View->render('siswadetail', [], true)
 3 APPPATH\Controllers\Siswa.php(40): view('siswadetail', [...])
 4 SYSTEMPATH\CodeIgniter.php(927): App\Controllers\Siswa->detaildata('1')
 5 SYSTEMPATH\CodeIgniter.php(482): CodeIgniter\CodeIgniter->runController(Object(App\Controllers\Siswa))
 6 SYSTEMPATH\CodeIgniter.php(351): CodeIgniter\CodeIgniter->handleRequest(null, Object(Config\Cache), false)
 7 FCPATH\index.php(67): CodeIgniter\CodeIgniter->run()
 8 SYSTEMPATH\Commands\Server\rewrite.php(46): require_once('FCPATH\\index.php')
CRITICAL - 2022-11-15 08:14:43 --> Undefined variable $kelas
in APPPATH\Views\siswadetail.php on line 51.
 1 APPPATH\Views\siswadetail.php(51): CodeIgniter\Debug\Exceptions->errorHandler(2, 'Undefined variable $kelas', 'APPPATH\\Views\\siswadetail.php', 51)
 2 SYSTEMPATH\View\View.php(213): include('APPPATH\\Views\\siswadetail.php')
 3 SYSTEMPATH\View\View.php(216): CodeIgniter\View\View->CodeIgniter\View\{closure}()
 4 SYSTEMPATH\Common.php(1134): CodeIgniter\View\View->render('siswadetail', [], true)
 5 APPPATH\Controllers\Siswa.php(40): view('siswadetail', [...])
 6 SYSTEMPATH\CodeIgniter.php(927): App\Controllers\Siswa->detaildata('1')
 7 SYSTEMPATH\CodeIgniter.php(482): CodeIgniter\CodeIgniter->runController(Object(App\Controllers\Siswa))
 8 SYSTEMPATH\CodeIgniter.php(351): CodeIgniter\CodeIgniter->handleRequest(null, Object(Config\Cache), false)
 9 FCPATH\index.php(67): CodeIgniter\CodeIgniter->run()
10 SYSTEMPATH\Commands\Server\rewrite.php(46): require_once('FCPATH\\index.php')
CRITICAL - 2022-11-15 08:31:17 --> Undefined array key "idsiswa"
in APPPATH\Views\siswadetail.php on line 31.
 1 APPPATH\Views\siswadetail.php(31): CodeIgniter\Debug\Exceptions->errorHandler(2, 'Undefined array key "idsiswa"', 'APPPATH\\Views\\siswadetail.php', 31)
 2 SYSTEMPATH\View\View.php(213): include('APPPATH\\Views\\siswadetail.php')
 3 SYSTEMPATH\View\View.php(216): CodeIgniter\View\View->CodeIgniter\View\{closure}()
 4 SYSTEMPATH\Common.php(1134): CodeIgniter\View\View->render('siswadetail', [], true)
 5 APPPATH\Controllers\Siswa.php(40): view('siswadetail', [...])
 6 SYSTEMPATH\CodeIgniter.php(927): App\Controllers\Siswa->detaildata('1')
 7 SYSTEMPATH\CodeIgniter.php(482): CodeIgniter\CodeIgniter->runController(Object(App\Controllers\Siswa))
 8 SYSTEMPATH\CodeIgniter.php(351): CodeIgniter\CodeIgniter->handleRequest(null, Object(Config\Cache), false)
 9 FCPATH\index.php(67): CodeIgniter\CodeIgniter->run()
10 SYSTEMPATH\Commands\Server\rewrite.php(46): require_once('FCPATH\\index.php')
CRITICAL - 2022-11-15 08:31:43 --> Cannot use object of type stdClass as array
in APPPATH\Views\siswadetail.php on line 31.
 1 SYSTEMPATH\View\View.php(213): include()
 2 SYSTEMPATH\View\View.php(216): CodeIgniter\View\View->CodeIgniter\View\{closure}()
 3 SYSTEMPATH\Common.php(1134): CodeIgniter\View\View->render('siswadetail', [], true)
 4 APPPATH\Controllers\Siswa.php(40): view('siswadetail', [...])
 5 SYSTEMPATH\CodeIgniter.php(927): App\Controllers\Siswa->detaildata('1')
 6 SYSTEMPATH\CodeIgniter.php(482): CodeIgniter\CodeIgniter->runController(Object(App\Controllers\Siswa))
 7 SYSTEMPATH\CodeIgniter.php(351): CodeIgniter\CodeIgniter->handleRequest(null, Object(Config\Cache), false)
 8 FCPATH\index.php(67): CodeIgniter\CodeIgniter->run()
 9 SYSTEMPATH\Commands\Server\rewrite.php(46): require_once('FCPATH\\index.php')
CRITICAL - 2022-11-15 08:31:50 --> Undefined variable $kelas
in APPPATH\Views\siswadetail.php on line 52.
 1 APPPATH\Views\siswadetail.php(52): CodeIgniter\Debug\Exceptions->errorHandler(2, 'Undefined variable $kelas', 'APPPATH\\Views\\siswadetail.php', 52)
 2 SYSTEMPATH\View\View.php(213): include('APPPATH\\Views\\siswadetail.php')
 3 SYSTEMPATH\View\View.php(216): CodeIgniter\View\View->CodeIgniter\View\{closure}()
 4 SYSTEMPATH\Common.php(1134): CodeIgniter\View\View->render('siswadetail', [], true)
 5 APPPATH\Controllers\Siswa.php(40): view('siswadetail', [...])
 6 SYSTEMPATH\CodeIgniter.php(927): App\Controllers\Siswa->detaildata('1')
 7 SYSTEMPATH\CodeIgniter.php(482): CodeIgniter\CodeIgniter->runController(Object(App\Controllers\Siswa))
 8 SYSTEMPATH\CodeIgniter.php(351): CodeIgniter\CodeIgniter->handleRequest(null, Object(Config\Cache), false)
 9 FCPATH\index.php(67): CodeIgniter\CodeIgniter->run()
10 SYSTEMPATH\Commands\Server\rewrite.php(46): require_once('FCPATH\\index.php')
CRITICAL - 2022-11-15 08:32:11 --> Undefined variable $kelas
in APPPATH\Views\siswadetail.php on line 52.
 1 APPPATH\Views\siswadetail.php(52): CodeIgniter\Debug\Exceptions->errorHandler(2, 'Undefined variable $kelas', 'APPPATH\\Views\\siswadetail.php', 52)
 2 SYSTEMPATH\View\View.php(213): include('APPPATH\\Views\\siswadetail.php')
 3 SYSTEMPATH\View\View.php(216): CodeIgniter\View\View->CodeIgniter\View\{closure}()
 4 SYSTEMPATH\Common.php(1134): CodeIgniter\View\View->render('siswadetail', [], true)
 5 APPPATH\Controllers\Siswa.php(40): view('siswadetail', [...])
 6 SYSTEMPATH\CodeIgniter.php(927): App\Controllers\Siswa->detaildata('1')
 7 SYSTEMPATH\CodeIgniter.php(482): CodeIgniter\CodeIgniter->runController(Object(App\Controllers\Siswa))
 8 SYSTEMPATH\CodeIgniter.php(351): CodeIgniter\CodeIgniter->handleRequest(null, Object(Config\Cache), false)
 9 FCPATH\index.php(67): CodeIgniter\CodeIgniter->run()
10 SYSTEMPATH\Commands\Server\rewrite.php(46): require_once('FCPATH\\index.php')
CRITICAL - 2022-11-15 08:33:38 --> Undefined array key 0
in APPPATH\Views\sanksidetail.php on line 31.
 1 APPPATH\Views\sanksidetail.php(31): CodeIgniter\Debug\Exceptions->errorHandler(2, 'Undefined array key 0', 'APPPATH\\Views\\sanksidetail.php', 31)
 2 SYSTEMPATH\View\View.php(213): include('APPPATH\\Views\\sanksidetail.php')
 3 SYSTEMPATH\View\View.php(216): CodeIgniter\View\View->CodeIgniter\View\{closure}()
 4 SYSTEMPATH\Common.php(1134): CodeIgniter\View\View->render('sanksidetail', [], true)
 5 APPPATH\Controllers\Sanksi.php(34): view('sanksidetail', [...])
 6 SYSTEMPATH\CodeIgniter.php(927): App\Controllers\Sanksi->detaildata('1')
 7 SYSTEMPATH\CodeIgniter.php(482): CodeIgniter\CodeIgniter->runController(Object(App\Controllers\Sanksi))
 8 SYSTEMPATH\CodeIgniter.php(351): CodeIgniter\CodeIgniter->handleRequest(null, Object(Config\Cache), false)
 9 FCPATH\index.php(67): CodeIgniter\CodeIgniter->run()
10 SYSTEMPATH\Commands\Server\rewrite.php(46): require_once('FCPATH\\index.php')
CRITICAL - 2022-11-15 08:35:17 --> Class "App\Models\Kriteriamodel" not found
in APPPATH\Controllers\Kriteria.php on line 7.
 1 SYSTEMPATH\CodeIgniter.php(927): App\Controllers\Kriteria->index()
 2 SYSTEMPATH\CodeIgniter.php(482): CodeIgniter\CodeIgniter->runController(Object(App\Controllers\Kriteria))
 3 SYSTEMPATH\CodeIgniter.php(351): CodeIgniter\CodeIgniter->handleRequest(null, Object(Config\Cache), false)
 4 FCPATH\index.php(67): CodeIgniter\CodeIgniter->run()
 5 SYSTEMPATH\Commands\Server\rewrite.php(46): require_once('FCPATH\\index.php')
CRITICAL - 2022-11-15 08:35:37 --> Invalid file: kriteria.php
in SYSTEMPATH\Exceptions\FrameworkException.php on line 33.
 1 SYSTEMPATH\View\View.php(201): CodeIgniter\Exceptions\FrameworkException::forInvalidFile('kriteria.php')
 2 SYSTEMPATH\Common.php(1134): CodeIgniter\View\View->render('kriteria', [], true)
 3 APPPATH\Controllers\Kriteria.php(10): view('kriteria', [...])
 4 SYSTEMPATH\CodeIgniter.php(927): App\Controllers\Kriteria->index()
 5 SYSTEMPATH\CodeIgniter.php(482): CodeIgniter\CodeIgniter->runController(Object(App\Controllers\Kriteria))
 6 SYSTEMPATH\CodeIgniter.php(351): CodeIgniter\CodeIgniter->handleRequest(null, Object(Config\Cache), false)
 7 FCPATH\index.php(67): CodeIgniter\CodeIgniter->run()
 8 SYSTEMPATH\Commands\Server\rewrite.php(46): require_once('FCPATH\\index.php')
ERROR - 2022-11-15 08:37:29 --> mysqli_sql_exception: Unknown column 'kelas' in 'field list' in C:\xampp\htdocs\point\system\Database\MySQLi\Connection.php:292
Stack trace:
#0 C:\xampp\htdocs\point\system\Database\MySQLi\Connection.php(292): mysqli->query('select kelas fr...', 0)
#1 C:\xampp\htdocs\point\system\Database\BaseConnection.php(666): CodeIgniter\Database\MySQLi\Connection->execute('select kelas fr...')
#2 C:\xampp\htdocs\point\system\Database\BaseConnection.php(593): CodeIgniter\Database\BaseConnection->simpleQuery('select kelas fr...')
#3 C:\xampp\htdocs\point\app\Controllers\Kriteria.php(18): CodeIgniter\Database\BaseConnection->query('select kelas fr...')
#4 C:\xampp\htdocs\point\system\CodeIgniter.php(927): App\Controllers\Kriteria->tambahdata()
#5 C:\xampp\htdocs\point\system\CodeIgniter.php(482): CodeIgniter\CodeIgniter->runController(Object(App\Controllers\Kriteria))
#6 C:\xampp\htdocs\point\system\CodeIgniter.php(351): CodeIgniter\CodeIgniter->handleRequest(NULL, Object(Config\Cache), false)
#7 C:\xampp\htdocs\point\public\index.php(67): CodeIgniter\CodeIgniter->run()
#8 C:\xampp\htdocs\point\system\Commands\Server\rewrite.php(46): require_once('C:\\xampp\\htdocs...')
#9 {main}
CRITICAL - 2022-11-15 08:37:29 --> Call to a member function getResultArray() on bool
in APPPATH\Controllers\Kriteria.php on line 18.
 1 SYSTEMPATH\CodeIgniter.php(927): App\Controllers\Kriteria->tambahdata()
 2 SYSTEMPATH\CodeIgniter.php(482): CodeIgniter\CodeIgniter->runController(Object(App\Controllers\Kriteria))
 3 SYSTEMPATH\CodeIgniter.php(351): CodeIgniter\CodeIgniter->handleRequest(null, Object(Config\Cache), false)
 4 FCPATH\index.php(67): CodeIgniter\CodeIgniter->run()
 5 SYSTEMPATH\Commands\Server\rewrite.php(46): require_once('FCPATH\\index.php')
ERROR - 2022-11-15 08:37:42 --> mysqli_sql_exception: Unknown column 'kelas' in 'field list' in C:\xampp\htdocs\point\system\Database\MySQLi\Connection.php:292
Stack trace:
#0 C:\xampp\htdocs\point\system\Database\MySQLi\Connection.php(292): mysqli->query('select kelas fr...', 0)
#1 C:\xampp\htdocs\point\system\Database\BaseConnection.php(666): CodeIgniter\Database\MySQLi\Connection->execute('select kelas fr...')
#2 C:\xampp\htdocs\point\system\Database\BaseConnection.php(593): CodeIgniter\Database\BaseConnection->simpleQuery('select kelas fr...')
#3 C:\xampp\htdocs\point\app\Controllers\Kriteria.php(18): CodeIgniter\Database\BaseConnection->query('select kelas fr...')
#4 C:\xampp\htdocs\point\system\CodeIgniter.php(927): App\Controllers\Kriteria->tambahdata()
#5 C:\xampp\htdocs\point\system\CodeIgniter.php(482): CodeIgniter\CodeIgniter->runController(Object(App\Controllers\Kriteria))
#6 C:\xampp\htdocs\point\system\CodeIgniter.php(351): CodeIgniter\CodeIgniter->handleRequest(NULL, Object(Config\Cache), false)
#7 C:\xampp\htdocs\point\public\index.php(67): CodeIgniter\CodeIgniter->run()
#8 C:\xampp\htdocs\point\system\Commands\Server\rewrite.php(46): require_once('C:\\xampp\\htdocs...')
#9 {main}
CRITICAL - 2022-11-15 08:37:42 --> Call to a member function getResultArray() on bool
in APPPATH\Controllers\Kriteria.php on line 18.
 1 SYSTEMPATH\CodeIgniter.php(927): App\Controllers\Kriteria->tambahdata()
 2 SYSTEMPATH\CodeIgniter.php(482): CodeIgniter\CodeIgniter->runController(Object(App\Controllers\Kriteria))
 3 SYSTEMPATH\CodeIgniter.php(351): CodeIgniter\CodeIgniter->handleRequest(null, Object(Config\Cache), false)
 4 FCPATH\index.php(67): CodeIgniter\CodeIgniter->run()
 5 SYSTEMPATH\Commands\Server\rewrite.php(46): require_once('FCPATH\\index.php')
CRITICAL - 2022-11-15 08:38:20 --> Undefined variable $kelas
in APPPATH\Views\kriteriabaru.php on line 51.
 1 APPPATH\Views\kriteriabaru.php(51): CodeIgniter\Debug\Exceptions->errorHandler(2, 'Undefined variable $kelas', 'APPPATH\\Views\\kriteriabaru.php', 51)
 2 SYSTEMPATH\View\View.php(213): include('APPPATH\\Views\\kriteriabaru.php')
 3 SYSTEMPATH\View\View.php(216): CodeIgniter\View\View->CodeIgniter\View\{closure}()
 4 SYSTEMPATH\Common.php(1134): CodeIgniter\View\View->render('kriteriabaru', [], true)
 5 APPPATH\Controllers\Kriteria.php(17): view('kriteriabaru')
 6 SYSTEMPATH\CodeIgniter.php(927): App\Controllers\Kriteria->tambahdata()
 7 SYSTEMPATH\CodeIgniter.php(482): CodeIgniter\CodeIgniter->runController(Object(App\Controllers\Kriteria))
 8 SYSTEMPATH\CodeIgniter.php(351): CodeIgniter\CodeIgniter->handleRequest(null, Object(Config\Cache), false)
 9 FCPATH\index.php(67): CodeIgniter\CodeIgniter->run()
10 SYSTEMPATH\Commands\Server\rewrite.php(46): require_once('FCPATH\\index.php')
CRITICAL - 2022-11-15 08:38:32 --> Undefined variable $kelas
in APPPATH\Views\kriteriabaru.php on line 51.
 1 APPPATH\Views\kriteriabaru.php(51): CodeIgniter\Debug\Exceptions->errorHandler(2, 'Undefined variable $kelas', 'APPPATH\\Views\\kriteriabaru.php', 51)
 2 SYSTEMPATH\View\View.php(213): include('APPPATH\\Views\\kriteriabaru.php')
 3 SYSTEMPATH\View\View.php(216): CodeIgniter\View\View->CodeIgniter\View\{closure}()
 4 SYSTEMPATH\Common.php(1134): CodeIgniter\View\View->render('kriteriabaru', [], true)
 5 APPPATH\Controllers\Kriteria.php(17): view('kriteriabaru')
 6 SYSTEMPATH\CodeIgniter.php(927): App\Controllers\Kriteria->tambahdata()
 7 SYSTEMPATH\CodeIgniter.php(482): CodeIgniter\CodeIgniter->runController(Object(App\Controllers\Kriteria))
 8 SYSTEMPATH\CodeIgniter.php(351): CodeIgniter\CodeIgniter->handleRequest(null, Object(Config\Cache), false)
 9 FCPATH\index.php(67): CodeIgniter\CodeIgniter->run()
10 SYSTEMPATH\Commands\Server\rewrite.php(46): require_once('FCPATH\\index.php')
ERROR - 2022-11-15 08:40:16 --> mysqli_sql_exception: Unknown column 'poin' in 'field list' in C:\xampp\htdocs\point\system\Database\MySQLi\Connection.php:292
Stack trace:
#0 C:\xampp\htdocs\point\system\Database\MySQLi\Connection.php(292): mysqli->query('INSERT INTO `kr...', 0)
#1 C:\xampp\htdocs\point\system\Database\BaseConnection.php(666): CodeIgniter\Database\MySQLi\Connection->execute('INSERT INTO `kr...')
#2 C:\xampp\htdocs\point\system\Database\BaseConnection.php(593): CodeIgniter\Database\BaseConnection->simpleQuery('INSERT INTO `kr...')
#3 C:\xampp\htdocs\point\system\Database\BaseBuilder.php(1916): CodeIgniter\Database\BaseConnection->query('INSERT INTO `kr...', Array, false)
#4 C:\xampp\htdocs\point\app\Models\Databasemodel.php(14): CodeIgniter\Database\BaseBuilder->insert(Array)
#5 C:\xampp\htdocs\point\app\Controllers\Kriteria.php(27): App\Models\Databasemodel->simpan('kriteria', Array)
#6 C:\xampp\htdocs\point\system\CodeIgniter.php(927): App\Controllers\Kriteria->simpandata()
#7 C:\xampp\htdocs\point\system\CodeIgniter.php(482): CodeIgniter\CodeIgniter->runController(Object(App\Controllers\Kriteria))
#8 C:\xampp\htdocs\point\system\CodeIgniter.php(351): CodeIgniter\CodeIgniter->handleRequest(NULL, Object(Config\Cache), false)
#9 C:\xampp\htdocs\point\public\index.php(67): CodeIgniter\CodeIgniter->run()
#10 C:\xampp\htdocs\point\system\Commands\Server\rewrite.php(46): require_once('C:\\xampp\\htdocs...')
#11 {main}
ERROR - 2022-11-15 08:41:31 --> mysqli_sql_exception: Column 'kriteria' cannot be null in C:\xampp\htdocs\point\system\Database\MySQLi\Connection.php:292
Stack trace:
#0 C:\xampp\htdocs\point\system\Database\MySQLi\Connection.php(292): mysqli->query('INSERT INTO `kr...', 0)
#1 C:\xampp\htdocs\point\system\Database\BaseConnection.php(666): CodeIgniter\Database\MySQLi\Connection->execute('INSERT INTO `kr...')
#2 C:\xampp\htdocs\point\system\Database\BaseConnection.php(593): CodeIgniter\Database\BaseConnection->simpleQuery('INSERT INTO `kr...')
#3 C:\xampp\htdocs\point\system\Database\BaseBuilder.php(1916): CodeIgniter\Database\BaseConnection->query('INSERT INTO `kr...', Array, false)
#4 C:\xampp\htdocs\point\app\Models\Databasemodel.php(14): CodeIgniter\Database\BaseBuilder->insert(Array)
#5 C:\xampp\htdocs\point\app\Controllers\Kriteria.php(28): App\Models\Databasemodel->simpan('kriteria', Array)
#6 C:\xampp\htdocs\point\system\CodeIgniter.php(927): App\Controllers\Kriteria->simpandata()
#7 C:\xampp\htdocs\point\system\CodeIgniter.php(482): CodeIgniter\CodeIgniter->runController(Object(App\Controllers\Kriteria))
#8 C:\xampp\htdocs\point\system\CodeIgniter.php(351): CodeIgniter\CodeIgniter->handleRequest(NULL, Object(Config\Cache), false)
#9 C:\xampp\htdocs\point\public\index.php(67): CodeIgniter\CodeIgniter->run()
#10 C:\xampp\htdocs\point\system\Commands\Server\rewrite.php(46): require_once('C:\\xampp\\htdocs...')
#11 {main}
CRITICAL - 2022-11-15 08:42:17 --> Invalid file: kriteriadetail.php
in SYSTEMPATH\Exceptions\FrameworkException.php on line 33.
 1 SYSTEMPATH\View\View.php(201): CodeIgniter\Exceptions\FrameworkException::forInvalidFile('kriteriadetail.php')
 2 SYSTEMPATH\Common.php(1134): CodeIgniter\View\View->render('kriteriadetail', [], true)
 3 APPPATH\Controllers\Kriteria.php(35): view('kriteriadetail', [...])
 4 SYSTEMPATH\CodeIgniter.php(927): App\Controllers\Kriteria->detaildata('1')
 5 SYSTEMPATH\CodeIgniter.php(482): CodeIgniter\CodeIgniter->runController(Object(App\Controllers\Kriteria))
 6 SYSTEMPATH\CodeIgniter.php(351): CodeIgniter\CodeIgniter->handleRequest(null, Object(Config\Cache), false)
 7 FCPATH\index.php(67): CodeIgniter\CodeIgniter->run()
 8 SYSTEMPATH\Commands\Server\rewrite.php(46): require_once('FCPATH\\index.php')
CRITICAL - 2022-11-15 08:44:45 --> Class "App\Models\Indikatormodel" not found
in APPPATH\Controllers\Indikator.php on line 8.
 1 SYSTEMPATH\CodeIgniter.php(927): App\Controllers\Indikator->index()
 2 SYSTEMPATH\CodeIgniter.php(482): CodeIgniter\CodeIgniter->runController(Object(App\Controllers\Indikator))
 3 SYSTEMPATH\CodeIgniter.php(351): CodeIgniter\CodeIgniter->handleRequest(null, Object(Config\Cache), false)
 4 FCPATH\index.php(67): CodeIgniter\CodeIgniter->run()
 5 SYSTEMPATH\Commands\Server\rewrite.php(46): require_once('FCPATH\\index.php')
CRITICAL - 2022-11-15 08:45:07 --> Invalid file: indikator.php
in SYSTEMPATH\Exceptions\FrameworkException.php on line 33.
 1 SYSTEMPATH\View\View.php(201): CodeIgniter\Exceptions\FrameworkException::forInvalidFile('indikator.php')
 2 SYSTEMPATH\Common.php(1134): CodeIgniter\View\View->render('indikator', [], true)
 3 APPPATH\Controllers\Indikator.php(10): view('indikator', [...])
 4 SYSTEMPATH\CodeIgniter.php(927): App\Controllers\Indikator->index()
 5 SYSTEMPATH\CodeIgniter.php(482): CodeIgniter\CodeIgniter->runController(Object(App\Controllers\Indikator))
 6 SYSTEMPATH\CodeIgniter.php(351): CodeIgniter\CodeIgniter->handleRequest(null, Object(Config\Cache), false)
 7 FCPATH\index.php(67): CodeIgniter\CodeIgniter->run()
 8 SYSTEMPATH\Commands\Server\rewrite.php(46): require_once('FCPATH\\index.php')
CRITICAL - 2022-11-15 08:46:32 --> Invalid file: indikator.php
in SYSTEMPATH\Exceptions\FrameworkException.php on line 33.
 1 SYSTEMPATH\View\View.php(201): CodeIgniter\Exceptions\FrameworkException::forInvalidFile('indikator.php')
 2 SYSTEMPATH\Common.php(1134): CodeIgniter\View\View->render('indikator', [], true)
 3 APPPATH\Controllers\Indikator.php(10): view('indikator', [...])
 4 SYSTEMPATH\CodeIgniter.php(927): App\Controllers\Indikator->index()
 5 SYSTEMPATH\CodeIgniter.php(482): CodeIgniter\CodeIgniter->runController(Object(App\Controllers\Indikator))
 6 SYSTEMPATH\CodeIgniter.php(351): CodeIgniter\CodeIgniter->handleRequest(null, Object(Config\Cache), false)
 7 FCPATH\index.php(67): CodeIgniter\CodeIgniter->run()
 8 SYSTEMPATH\Commands\Server\rewrite.php(46): require_once('FCPATH\\index.php')
CRITICAL - 2022-11-15 08:50:04 --> Invalid file: indikator.php
in SYSTEMPATH\Exceptions\FrameworkException.php on line 33.
 1 SYSTEMPATH\View\View.php(201): CodeIgniter\Exceptions\FrameworkException::forInvalidFile('indikator.php')
 2 SYSTEMPATH\Common.php(1134): CodeIgniter\View\View->render('indikator', [], true)
 3 APPPATH\Controllers\Indikator.php(10): view('indikator', [...])
 4 SYSTEMPATH\CodeIgniter.php(927): App\Controllers\Indikator->index()
 5 SYSTEMPATH\CodeIgniter.php(482): CodeIgniter\CodeIgniter->runController(Object(App\Controllers\Indikator))
 6 SYSTEMPATH\CodeIgniter.php(351): CodeIgniter\CodeIgniter->handleRequest(null, Object(Config\Cache), false)
 7 FCPATH\index.php(67): CodeIgniter\CodeIgniter->run()
 8 SYSTEMPATH\Commands\Server\rewrite.php(46): require_once('FCPATH\\index.php')
CRITICAL - 2022-11-15 08:54:49 --> Invalid file: indikatorbaru.php
in SYSTEMPATH\Exceptions\FrameworkException.php on line 33.
 1 SYSTEMPATH\View\View.php(201): CodeIgniter\Exceptions\FrameworkException::forInvalidFile('indikatorbaru.php')
 2 SYSTEMPATH\Common.php(1134): CodeIgniter\View\View->render('indikatorbaru', [], true)
 3 APPPATH\Controllers\Indikator.php(19): view('indikatorbaru', [...])
 4 SYSTEMPATH\CodeIgniter.php(927): App\Controllers\Indikator->tambahdata()
 5 SYSTEMPATH\CodeIgniter.php(482): CodeIgniter\CodeIgniter->runController(Object(App\Controllers\Indikator))
 6 SYSTEMPATH\CodeIgniter.php(351): CodeIgniter\CodeIgniter->handleRequest(null, Object(Config\Cache), false)
 7 FCPATH\index.php(67): CodeIgniter\CodeIgniter->run()
 8 SYSTEMPATH\Commands\Server\rewrite.php(46): require_once('FCPATH\\index.php')
CRITICAL - 2022-11-15 08:55:16 --> count(): Argument #1 ($var) must be of type Countable|array, null given
in APPPATH\Views\indikatorbaru.php on line 46.
 1 SYSTEMPATH\View\View.php(213): include()
 2 SYSTEMPATH\View\View.php(216): CodeIgniter\View\View->CodeIgniter\View\{closure}()
 3 SYSTEMPATH\Common.php(1134): CodeIgniter\View\View->render('indikatorbaru', [], true)
 4 APPPATH\Controllers\Indikator.php(19): view('indikatorbaru', [...])
 5 SYSTEMPATH\CodeIgniter.php(927): App\Controllers\Indikator->tambahdata()
 6 SYSTEMPATH\CodeIgniter.php(482): CodeIgniter\CodeIgniter->runController(Object(App\Controllers\Indikator))
 7 SYSTEMPATH\CodeIgniter.php(351): CodeIgniter\CodeIgniter->handleRequest(null, Object(Config\Cache), false)
 8 FCPATH\index.php(67): CodeIgniter\CodeIgniter->run()
 9 SYSTEMPATH\Commands\Server\rewrite.php(46): require_once('FCPATH\\index.php')
CRITICAL - 2022-11-15 08:59:27 --> Invalid file: indikatordetail.php
in SYSTEMPATH\Exceptions\FrameworkException.php on line 33.
 1 SYSTEMPATH\View\View.php(201): CodeIgniter\Exceptions\FrameworkException::forInvalidFile('indikatordetail.php')
 2 SYSTEMPATH\Common.php(1134): CodeIgniter\View\View->render('indikatordetail', [], true)
 3 APPPATH\Controllers\Indikator.php(38): view('indikatordetail', [...])
 4 SYSTEMPATH\CodeIgniter.php(927): App\Controllers\Indikator->detaildata('8')
 5 SYSTEMPATH\CodeIgniter.php(482): CodeIgniter\CodeIgniter->runController(Object(App\Controllers\Indikator))
 6 SYSTEMPATH\CodeIgniter.php(351): CodeIgniter\CodeIgniter->handleRequest(null, Object(Config\Cache), false)
 7 FCPATH\index.php(67): CodeIgniter\CodeIgniter->run()
 8 SYSTEMPATH\Commands\Server\rewrite.php(46): require_once('FCPATH\\index.php')
CRITICAL - 2022-11-15 09:05:37 --> Invalid file: proses.php
in SYSTEMPATH\Exceptions\FrameworkException.php on line 33.
 1 SYSTEMPATH\View\View.php(201): CodeIgniter\Exceptions\FrameworkException::forInvalidFile('proses.php')
 2 SYSTEMPATH\Common.php(1134): CodeIgniter\View\View->render('proses', [], true)
 3 APPPATH\Controllers\Proses.php(12): view('proses', [...])
 4 SYSTEMPATH\CodeIgniter.php(927): App\Controllers\Proses->index()
 5 SYSTEMPATH\CodeIgniter.php(482): CodeIgniter\CodeIgniter->runController(Object(App\Controllers\Proses))
 6 SYSTEMPATH\CodeIgniter.php(351): CodeIgniter\CodeIgniter->handleRequest(null, Object(Config\Cache), false)
 7 FCPATH\index.php(67): CodeIgniter\CodeIgniter->run()
 8 SYSTEMPATH\Commands\Server\rewrite.php(46): require_once('FCPATH\\index.php')
CRITICAL - 2022-11-15 09:06:47 --> Invalid file: proses.php
in SYSTEMPATH\Exceptions\FrameworkException.php on line 33.
 1 SYSTEMPATH\View\View.php(201): CodeIgniter\Exceptions\FrameworkException::forInvalidFile('proses.php')
 2 SYSTEMPATH\Common.php(1134): CodeIgniter\View\View->render('proses', [], true)
 3 APPPATH\Controllers\Proses.php(11): view('proses', [...])
 4 SYSTEMPATH\CodeIgniter.php(927): App\Controllers\Proses->index()
 5 SYSTEMPATH\CodeIgniter.php(482): CodeIgniter\CodeIgniter->runController(Object(App\Controllers\Proses))
 6 SYSTEMPATH\CodeIgniter.php(351): CodeIgniter\CodeIgniter->handleRequest(null, Object(Config\Cache), false)
 7 FCPATH\index.php(67): CodeIgniter\CodeIgniter->run()
 8 SYSTEMPATH\Commands\Server\rewrite.php(46): require_once('FCPATH\\index.php')
